This is pdfTeX, Version 3.14159265-2.6-1.40.16 (TeX Live 2015/Debian) (preloaded format=pdflatex 2018.10.31)  22 FEB 2019 13:30
entering extended mode
 restricted \write18 enabled.
 %&-line parsing enabled.
**paper.tex
(./paper.tex
LaTeX2e <2016/02/01>
Babel <3.9q> and hyphenation patterns for 81 language(s) loaded.
(/usr/share/texlive/texmf-dist/tex/latex/revtex/revtex4-1.cls
Document Class: revtex4-1 2010/07/25/20:33:00 4.1r (http://publish.aps.org/revt
ex4/ for documentation)
 Copyright (c) 2009 The American Physical Society.
 mailto:revtex@aps.org
 Licensed under the LPPL:
http://www.ctan.org/tex-archive/macros/latex/base/lppl.txt
 Arthur Ogawa <arthur_ogawa at sbcglobal dot net>
 Based on work by David Carlisle <david at dcarlisle.demon.co.uk>.
ltxutil[2010/07/25/20:33:00 4.1r utilities package (portions licensed from W. E
. Baxter web at superscript.com)]
LaTeX Info: Redefining \@centercr on input line 308.
Class revtex4-1 Info: Repairing broken LaTeX eqnarray on input line 358.
\eqncolsep=\skip41
Class revtex4-1 Info: Repairing hyperref-unfriendly LaTeX definition of \mpfoot
note on input line 433.
Class revtex4-1 Info: Repairing broken LateX \@sect on input line 755.
\intertabularlinepenalty=\count79
\@tbpen=\count80
\@arstrutbox@hline=\box26
Class revtex4-1 Info: Repairing broken LaTeX \@xbitor on input line 1786.
Class revtex4-1 Info: Making \typeout \long on input line 2046.
ltxfront[2010/07/25/20:33:00 4.1r frontmatter package (AO,DPC)]
\c@affil=\count81
\c@collab=\count82
\absbox=\box27
ltxgrid[2010/07/25/20:33:00 4.1r page grid package (portions licensed from W. E
. Baxter web at superscript.com)]
\c@linecount=\count83
\output@latex=\toks14
\box@size@1=\box28
\box@size@2=\box29
\@protection@box=\box30
\@topmark@saved=\toks15
\footins@saved=\box31
\footins@recovered=\box32
\column@recovered=\box33
\pagesofar=\box34
\footsofar=\box35
\pagegrid@col=\count84
Class revtex4-1 Info: Overriding \@vspace, \@vspacer, \@no@pgbk, \@newline, and
 \\  on input line 5578.
\c@part=\count85
\c@section=\count86
\c@subsection=\count87
\c@subsubsection=\count88
\c@paragraph=\count89
\c@subparagraph=\count90
\abovecaptionskip=\skip42
\belowcaptionskip=\skip43
\c@figure=\count91
\fbox@1=\box36
\c@table=\count92
\fbox@2=\box37
\c@video=\count93
\fbox@4=\box38
\@bibdataout=\write3
\widetext@top=\box39
\widetext@bot=\box40

Class revtex4-1 Warning: No Society specified, using default society aps.

(/usr/share/texlive/texmf-dist/tex/latex/revtex/aps4-1.rtx
File: aps4-1 2010/07/25/20:33:00 4.1r (http://publish.aps.org/revtex4/ for docu
mentation)
Class revtex4-1 Info: RevTeX society APS selected on input line 31.
)

Class revtex4-1 Warning: No journal specified, using default pra.

Class revtex4-1 Info: APS journal PRA selected on input line 7545.

Class revtex4-1 Warning: No type size specified, using default 10.

(/usr/share/texlive/texmf-dist/tex/latex/revtex/aps10pt4-1.rtx
File: aps10pt4-1 2010/07/25/20:33:00 4.1r (http://publish.aps.org/revtex4/ for 
documentation)
Class revtex4-1 Info: RevTeX pointsize 10pt selected on input line 30.
)
(/usr/share/texlive/texmf-dist/tex/latex/textcase/textcase.sty
Package: textcase 2004/10/07 v0.07 Text only upper/lower case changing (DPC)
)
(/usr/share/texlive/texmf-dist/tex/latex/amsfonts/amssymb.sty
Package: amssymb 2013/01/14 v3.01 AMS font symbols

(/usr/share/texlive/texmf-dist/tex/latex/amsfonts/amsfonts.sty
Package: amsfonts 2013/01/14 v3.01 Basic AMSFonts support
\@emptytoks=\toks16
\symAMSa=\mathgroup4
\symAMSb=\mathgroup5
LaTeX Font Info:    Overwriting math alphabet `\mathfrak' in version `bold'
(Font)                  U/euf/m/n --> U/euf/b/n on input line 106.
))
(/usr/share/texlive/texmf-dist/tex/latex/amsmath/amsmath.sty
Package: amsmath 2016/03/03 v2.15a AMS math features
\@mathmargin=\skip44

For additional information on amsmath, use the `?' option.
(/usr/share/texlive/texmf-dist/tex/latex/amsmath/amstext.sty
Package: amstext 2000/06/29 v2.01 AMS text

(/usr/share/texlive/texmf-dist/tex/latex/amsmath/amsgen.sty
File: amsgen.sty 1999/11/30 v2.0 generic functions
\@emptytoks=\toks17
\ex@=\dimen102
)
LaTeX Info: Redefining \text on input line 28.
)
(/usr/share/texlive/texmf-dist/tex/latex/amsmath/amsbsy.sty
Package: amsbsy 1999/11/29 v1.2d Bold Symbols
\pmbraise@=\dimen103
)
(/usr/share/texlive/texmf-dist/tex/latex/amsmath/amsopn.sty
Package: amsopn 1999/12/14 v2.01 operator names
)
\inf@bad=\count94
LaTeX Info: Redefining \frac on input line 199.
\uproot@=\count95
\leftroot@=\count96
LaTeX Info: Redefining \overline on input line 297.
\classnum@=\count97
\DOTSCASE@=\count98
LaTeX Info: Redefining \ldots on input line 394.
LaTeX Info: Redefining \dots on input line 397.
LaTeX Info: Redefining \cdots on input line 518.
\Mathstrutbox@=\box41
\strutbox@=\box42
\big@size=\dimen104
LaTeX Font Info:    Redeclaring font encoding OML on input line 630.
LaTeX Font Info:    Redeclaring font encoding OMS on input line 631.
\macc@depth=\count99
\c@MaxMatrixCols=\count100
\dotsspace@=\muskip10
\c@parentequation=\count101
\dspbrk@lvl=\count102
\tag@help=\toks18
\row@=\count103
\column@=\count104
\maxfields@=\count105
\andhelp@=\toks19
\eqnshift@=\dimen105
\alignsep@=\dimen106
\tagshift@=\dimen107
\tagwidth@=\dimen108
\totwidth@=\dimen109
\lineht@=\dimen110
\@envbody=\toks20
\multlinegap=\skip45
\multlinetaggap=\skip46
\mathdisplay@stack=\toks21
LaTeX Info: Redefining \[ on input line 2735.
LaTeX Info: Redefining \] on input line 2736.
)
(/usr/share/texlive/texmf-dist/tex/latex/url/url.sty
\Urlmuskip=\muskip11
Package: url 2013/09/16  ver 3.4  Verb mode for urls, etc.
)
(/usr/share/texlive/texmf-dist/tex/latex/natbib/natbib.sty
Package: natbib 2010/09/13 8.31b (PWD, AO)
\bibhang=\skip47
\bibsep=\skip48
LaTeX Info: Redefining \cite on input line 694.
\c@NAT@ctr=\count106
)
Class revtex4-1 Info: Repairing natbib's \BibitemShut on input line 7549.

(/usr/share/texlive/texmf-dist/tex/latex/revtex/revsymb4-1.sty
Package: revsymb4-1 2010/07/25/20:33:00 4.1r (http://publish.aps.org/revtex4/ f
or documentation)
LaTeX Info: Redefining \frak on input line 95.
LaTeX Info: Redefining \Bbb on input line 111.
LaTeX Info: Redefining \REV@mathfrak on input line 119.
))
(/usr/share/texlive/texmf-dist/tex/latex/graphics/graphicx.sty
Package: graphicx 2014/10/28 v1.0g Enhanced LaTeX Graphics (DPC,SPQR)

(/usr/share/texlive/texmf-dist/tex/latex/graphics/keyval.sty
Package: keyval 2014/10/28 v1.15 key=value parser (DPC)
\KV@toks@=\toks22
)
(/usr/share/texlive/texmf-dist/tex/latex/graphics/graphics.sty
Package: graphics 2016/01/03 v1.0q Standard LaTeX Graphics (DPC,SPQR)

(/usr/share/texlive/texmf-dist/tex/latex/graphics/trig.sty
Package: trig 2016/01/03 v1.10 sin cos tan (DPC)
)
(/usr/share/texlive/texmf-dist/tex/latex/latexconfig/graphics.cfg
File: graphics.cfg 2010/04/23 v1.9 graphics configuration of TeX Live
)
Package graphics Info: Driver file: pdftex.def on input line 95.

(/usr/share/texlive/texmf-dist/tex/latex/pdftex-def/pdftex.def
File: pdftex.def 2011/05/27 v0.06d Graphics/color for pdfTeX

(/usr/share/texlive/texmf-dist/tex/generic/oberdiek/infwarerr.sty
Package: infwarerr 2010/04/08 v1.3 Providing info/warning/error messages (HO)
)
(/usr/share/texlive/texmf-dist/tex/generic/oberdiek/ltxcmds.sty
Package: ltxcmds 2011/11/09 v1.22 LaTeX kernel commands for general use (HO)
)
\Gread@gobject=\count107
))
\Gin@req@height=\dimen111
\Gin@req@width=\dimen112
)
(/usr/share/texlive/texmf-dist/tex/latex/tools/dcolumn.sty
Package: dcolumn 2014/10/28 v1.06 decimal alignment package (DPC)

(/usr/share/texlive/texmf-dist/tex/latex/tools/array.sty
Package: array 2014/10/28 v2.4c Tabular extension package (FMi)
\col@sep=\dimen113
\extrarowheight=\dimen114
\NC@list=\toks23
\extratabsurround=\skip49
\backup@length=\skip50
))
(/usr/share/texlive/texmf-dist/tex/latex/tools/bm.sty
Package: bm 2014/10/28 v1.1c Bold Symbol Support (DPC/FMi)
\symboldoperators=\mathgroup6
\symboldletters=\mathgroup7
\symboldsymbols=\mathgroup8
LaTeX Font Info:    Redeclaring math alphabet \mathbf on input line 141.
LaTeX Info: Redefining \bm on input line 207.
)
(/usr/share/texlive/texmf-dist/tex/latex/oberdiek/epstopdf.sty
Package: epstopdf 2010/02/09 v2.5 Conversion with epstopdf on the fly (HO)

(/usr/share/texlive/texmf-dist/tex/latex/oberdiek/epstopdf-base.sty
Package: epstopdf-base 2010/02/09 v2.5 Base part for package epstopdf

(/usr/share/texlive/texmf-dist/tex/latex/oberdiek/grfext.sty
Package: grfext 2010/08/19 v1.1 Manage graphics extensions (HO)

(/usr/share/texlive/texmf-dist/tex/generic/oberdiek/kvdefinekeys.sty
Package: kvdefinekeys 2011/04/07 v1.3 Define keys (HO)
))
(/usr/share/texlive/texmf-dist/tex/latex/oberdiek/kvoptions.sty
Package: kvoptions 2011/06/30 v3.11 Key value format for package options (HO)

(/usr/share/texlive/texmf-dist/tex/generic/oberdiek/kvsetkeys.sty
Package: kvsetkeys 2012/04/25 v1.16 Key value parser (HO)

(/usr/share/texlive/texmf-dist/tex/generic/oberdiek/etexcmds.sty
Package: etexcmds 2011/02/16 v1.5 Avoid name clashes with e-TeX commands (HO)

(/usr/share/texlive/texmf-dist/tex/generic/oberdiek/ifluatex.sty
Package: ifluatex 2010/03/01 v1.3 Provides the ifluatex switch (HO)
Package ifluatex Info: LuaTeX not detected.
)
Package etexcmds Info: Could not find \expanded.
(etexcmds)             That can mean that you are not using pdfTeX 1.50 or
(etexcmds)             that some package has redefined \expanded.
(etexcmds)             In the latter case, load this package earlier.
)))
(/usr/share/texlive/texmf-dist/tex/generic/oberdiek/pdftexcmds.sty
Package: pdftexcmds 2011/11/29 v0.20 Utility functions of pdfTeX for LuaTeX (HO
)

(/usr/share/texlive/texmf-dist/tex/generic/oberdiek/ifpdf.sty
Package: ifpdf 2011/01/30 v2.3 Provides the ifpdf switch (HO)
Package ifpdf Info: pdfTeX in PDF mode is detected.
)
Package pdftexcmds Info: LuaTeX not detected.
Package pdftexcmds Info: \pdf@primitive is available.
Package pdftexcmds Info: \pdf@ifprimitive is available.
Package pdftexcmds Info: \pdfdraftmode found.
)
Package grfext Info: Graphics extension search list:
(grfext)             [.png,.pdf,.jpg,.mps,.jpeg,.jbig2,.jb2,.PNG,.PDF,.JPG,.JPE
G,.JBIG2,.JB2,.eps]
(grfext)             \AppendGraphicsExtensions on input line 452.

(/usr/share/texlive/texmf-dist/tex/latex/latexconfig/epstopdf-sys.cfg
File: epstopdf-sys.cfg 2010/07/13 v1.3 Configuration of (r)epstopdf for TeX Liv
e
)))
(/usr/share/texlive/texmf-dist/tex/latex/tools/verbatim.sty
Package: verbatim 2014/10/28 v1.5q LaTeX2e package for verbatim enhancements
\every@verbatim=\toks24
\verbatim@line=\toks25
\verbatim@in@stream=\read1
)
(/usr/share/texlive/texmf-dist/tex/latex/graphics/epsfig.sty
Package: epsfig 1999/02/16 v1.7a (e)psfig emulation (SPQR)
\epsfxsize=\dimen115
\epsfysize=\dimen116
)
(/usr/share/texlive/texmf-dist/tex/latex/pgf/frontendlayer/tikz.sty
(/usr/share/texlive/texmf-dist/tex/latex/pgf/basiclayer/pgf.sty
(/usr/share/texlive/texmf-dist/tex/latex/pgf/utilities/pgfrcs.sty
(/usr/share/texlive/texmf-dist/tex/generic/pgf/utilities/pgfutil-common.tex
\pgfutil@everybye=\toks26
\pgfutil@tempdima=\dimen117
\pgfutil@tempdimb=\dimen118

(/usr/share/texlive/texmf-dist/tex/generic/pgf/utilities/pgfutil-common-lists.t
ex)) (/usr/share/texlive/texmf-dist/tex/generic/pgf/utilities/pgfutil-latex.def
\pgfutil@abb=\box43
(/usr/share/texlive/texmf-dist/tex/latex/ms/everyshi.sty
Package: everyshi 2001/05/15 v3.00 EveryShipout Package (MS)
))
(/usr/share/texlive/texmf-dist/tex/generic/pgf/utilities/pgfrcs.code.tex
Package: pgfrcs 2015/08/07 v3.0.1a (rcs-revision 1.31)
))
Package: pgf 2015/08/07 v3.0.1a (rcs-revision 1.15)

(/usr/share/texlive/texmf-dist/tex/latex/pgf/basiclayer/pgfcore.sty
(/usr/share/texlive/texmf-dist/tex/latex/pgf/systemlayer/pgfsys.sty
(/usr/share/texlive/texmf-dist/tex/generic/pgf/systemlayer/pgfsys.code.tex
Package: pgfsys 2014/07/09 v3.0.1a (rcs-revision 1.48)

(/usr/share/texlive/texmf-dist/tex/generic/pgf/utilities/pgfkeys.code.tex
\pgfkeys@pathtoks=\toks27
\pgfkeys@temptoks=\toks28

(/usr/share/texlive/texmf-dist/tex/generic/pgf/utilities/pgfkeysfiltered.code.t
ex
\pgfkeys@tmptoks=\toks29
))
\pgf@x=\dimen119
\pgf@y=\dimen120
\pgf@xa=\dimen121
\pgf@ya=\dimen122
\pgf@xb=\dimen123
\pgf@yb=\dimen124
\pgf@xc=\dimen125
\pgf@yc=\dimen126
\w@pgf@writea=\write4
\r@pgf@reada=\read2
\c@pgf@counta=\count108
\c@pgf@countb=\count109
\c@pgf@countc=\count110
\c@pgf@countd=\count111
\t@pgf@toka=\toks30
\t@pgf@tokb=\toks31
\t@pgf@tokc=\toks32
 (/usr/share/texlive/texmf-dist/tex/generic/pgf/systemlayer/pgf.cfg
File: pgf.cfg 2008/05/14  (rcs-revision 1.7)
)
Driver file for pgf: pgfsys-pdftex.def

(/usr/share/texlive/texmf-dist/tex/generic/pgf/systemlayer/pgfsys-pdftex.def
File: pgfsys-pdftex.def 2014/10/11  (rcs-revision 1.35)

(/usr/share/texlive/texmf-dist/tex/generic/pgf/systemlayer/pgfsys-common-pdf.de
f
File: pgfsys-common-pdf.def 2013/10/10  (rcs-revision 1.13)
)))
(/usr/share/texlive/texmf-dist/tex/generic/pgf/systemlayer/pgfsyssoftpath.code.
tex
File: pgfsyssoftpath.code.tex 2013/09/09  (rcs-revision 1.9)
\pgfsyssoftpath@smallbuffer@items=\count112
\pgfsyssoftpath@bigbuffer@items=\count113
)
(/usr/share/texlive/texmf-dist/tex/generic/pgf/systemlayer/pgfsysprotocol.code.
tex
File: pgfsysprotocol.code.tex 2006/10/16  (rcs-revision 1.4)
)) (/usr/share/texlive/texmf-dist/tex/latex/xcolor/xcolor.sty
Package: xcolor 2007/01/21 v2.11 LaTeX color extensions (UK)

(/usr/share/texlive/texmf-dist/tex/latex/latexconfig/color.cfg
File: color.cfg 2007/01/18 v1.5 color configuration of teTeX/TeXLive
)
Package xcolor Info: Driver file: pdftex.def on input line 225.
Package xcolor Info: Model `cmy' substituted by `cmy0' on input line 1337.
Package xcolor Info: Model `hsb' substituted by `rgb' on input line 1341.
Package xcolor Info: Model `RGB' extended on input line 1353.
Package xcolor Info: Model `HTML' substituted by `rgb' on input line 1355.
Package xcolor Info: Model `Hsb' substituted by `hsb' on input line 1356.
Package xcolor Info: Model `tHsb' substituted by `hsb' on input line 1357.
Package xcolor Info: Model `HSB' substituted by `hsb' on input line 1358.
Package xcolor Info: Model `Gray' substituted by `gray' on input line 1359.
Package xcolor Info: Model `wave' substituted by `hsb' on input line 1360.
)
(/usr/share/texlive/texmf-dist/tex/generic/pgf/basiclayer/pgfcore.code.tex
Package: pgfcore 2010/04/11 v3.0.1a (rcs-revision 1.7)

(/usr/share/texlive/texmf-dist/tex/generic/pgf/math/pgfmath.code.tex
(/usr/share/texlive/texmf-dist/tex/generic/pgf/math/pgfmathcalc.code.tex
(/usr/share/texlive/texmf-dist/tex/generic/pgf/math/pgfmathutil.code.tex)
(/usr/share/texlive/texmf-dist/tex/generic/pgf/math/pgfmathparser.code.tex
\pgfmath@dimen=\dimen127
\pgfmath@count=\count114
\pgfmath@box=\box44
\pgfmath@toks=\toks33
\pgfmath@stack@operand=\toks34
\pgfmath@stack@operation=\toks35
)
(/usr/share/texlive/texmf-dist/tex/generic/pgf/math/pgfmathfunctions.code.tex
(/usr/share/texlive/texmf-dist/tex/generic/pgf/math/pgfmathfunctions.basic.code
.tex)
(/usr/share/texlive/texmf-dist/tex/generic/pgf/math/pgfmathfunctions.trigonomet
ric.code.tex)
(/usr/share/texlive/texmf-dist/tex/generic/pgf/math/pgfmathfunctions.random.cod
e.tex)
(/usr/share/texlive/texmf-dist/tex/generic/pgf/math/pgfmathfunctions.comparison
.code.tex)
(/usr/share/texlive/texmf-dist/tex/generic/pgf/math/pgfmathfunctions.base.code.
tex)
(/usr/share/texlive/texmf-dist/tex/generic/pgf/math/pgfmathfunctions.round.code
.tex)
(/usr/share/texlive/texmf-dist/tex/generic/pgf/math/pgfmathfunctions.misc.code.
tex)
(/usr/share/texlive/texmf-dist/tex/generic/pgf/math/pgfmathfunctions.integerari
thmetics.code.tex)))
(/usr/share/texlive/texmf-dist/tex/generic/pgf/math/pgfmathfloat.code.tex
\c@pgfmathroundto@lastzeros=\count115
))
(/usr/share/texlive/texmf-dist/tex/generic/pgf/basiclayer/pgfcorepoints.code.te
x
File: pgfcorepoints.code.tex 2013/10/07  (rcs-revision 1.27)
\pgf@picminx=\dimen128
\pgf@picmaxx=\dimen129
\pgf@picminy=\dimen130
\pgf@picmaxy=\dimen131
\pgf@pathminx=\dimen132
\pgf@pathmaxx=\dimen133
\pgf@pathminy=\dimen134
\pgf@pathmaxy=\dimen135
\pgf@xx=\dimen136
\pgf@xy=\dimen137
\pgf@yx=\dimen138
\pgf@yy=\dimen139
\pgf@zx=\dimen140
\pgf@zy=\dimen141
)
(/usr/share/texlive/texmf-dist/tex/generic/pgf/basiclayer/pgfcorepathconstruct.
code.tex
File: pgfcorepathconstruct.code.tex 2013/10/07  (rcs-revision 1.29)
\pgf@path@lastx=\dimen142
\pgf@path@lasty=\dimen143
)
(/usr/share/texlive/texmf-dist/tex/generic/pgf/basiclayer/pgfcorepathusage.code
.tex
File: pgfcorepathusage.code.tex 2014/11/02  (rcs-revision 1.24)
\pgf@shorten@end@additional=\dimen144
\pgf@shorten@start@additional=\dimen145
)
(/usr/share/texlive/texmf-dist/tex/generic/pgf/basiclayer/pgfcorescopes.code.te
x
File: pgfcorescopes.code.tex 2015/05/08  (rcs-revision 1.46)
\pgfpic=\box45
\pgf@hbox=\box46
\pgf@layerbox@main=\box47
\pgf@picture@serial@count=\count116
)
(/usr/share/texlive/texmf-dist/tex/generic/pgf/basiclayer/pgfcoregraphicstate.c
ode.tex
File: pgfcoregraphicstate.code.tex 2014/11/02  (rcs-revision 1.12)
\pgflinewidth=\dimen146
)
(/usr/share/texlive/texmf-dist/tex/generic/pgf/basiclayer/pgfcoretransformation
s.code.tex
File: pgfcoretransformations.code.tex 2015/08/07  (rcs-revision 1.20)
\pgf@pt@x=\dimen147
\pgf@pt@y=\dimen148
\pgf@pt@temp=\dimen149
)
(/usr/share/texlive/texmf-dist/tex/generic/pgf/basiclayer/pgfcorequick.code.tex
File: pgfcorequick.code.tex 2008/10/09  (rcs-revision 1.3)
)
(/usr/share/texlive/texmf-dist/tex/generic/pgf/basiclayer/pgfcoreobjects.code.t
ex
File: pgfcoreobjects.code.tex 2006/10/11  (rcs-revision 1.2)
)
(/usr/share/texlive/texmf-dist/tex/generic/pgf/basiclayer/pgfcorepathprocessing
.code.tex
File: pgfcorepathprocessing.code.tex 2013/09/09  (rcs-revision 1.9)
)
(/usr/share/texlive/texmf-dist/tex/generic/pgf/basiclayer/pgfcorearrows.code.te
x
File: pgfcorearrows.code.tex 2015/05/14  (rcs-revision 1.43)
\pgfarrowsep=\dimen150
)
(/usr/share/texlive/texmf-dist/tex/generic/pgf/basiclayer/pgfcoreshade.code.tex
File: pgfcoreshade.code.tex 2013/07/15  (rcs-revision 1.15)
\pgf@max=\dimen151
\pgf@sys@shading@range@num=\count117
)
(/usr/share/texlive/texmf-dist/tex/generic/pgf/basiclayer/pgfcoreimage.code.tex
File: pgfcoreimage.code.tex 2013/07/15  (rcs-revision 1.18)

(/usr/share/texlive/texmf-dist/tex/generic/pgf/basiclayer/pgfcoreexternal.code.
tex
File: pgfcoreexternal.code.tex 2014/07/09  (rcs-revision 1.21)
\pgfexternal@startupbox=\box48
))
(/usr/share/texlive/texmf-dist/tex/generic/pgf/basiclayer/pgfcorelayers.code.te
x
File: pgfcorelayers.code.tex 2013/07/18  (rcs-revision 1.7)
)
(/usr/share/texlive/texmf-dist/tex/generic/pgf/basiclayer/pgfcoretransparency.c
ode.tex
File: pgfcoretransparency.code.tex 2013/09/30  (rcs-revision 1.5)
)
(/usr/share/texlive/texmf-dist/tex/generic/pgf/basiclayer/pgfcorepatterns.code.
tex
File: pgfcorepatterns.code.tex 2013/11/07  (rcs-revision 1.5)
)))
(/usr/share/texlive/texmf-dist/tex/generic/pgf/modules/pgfmoduleshapes.code.tex
File: pgfmoduleshapes.code.tex 2014/03/21  (rcs-revision 1.35)
\pgfnodeparttextbox=\box49
) (/usr/share/texlive/texmf-dist/tex/generic/pgf/modules/pgfmoduleplot.code.tex
File: pgfmoduleplot.code.tex 2015/08/03  (rcs-revision 1.13)
)
(/usr/share/texlive/texmf-dist/tex/latex/pgf/compatibility/pgfcomp-version-0-65
.sty
Package: pgfcomp-version-0-65 2007/07/03 v3.0.1a (rcs-revision 1.7)
\pgf@nodesepstart=\dimen152
\pgf@nodesepend=\dimen153
)
(/usr/share/texlive/texmf-dist/tex/latex/pgf/compatibility/pgfcomp-version-1-18
.sty
Package: pgfcomp-version-1-18 2007/07/23 v3.0.1a (rcs-revision 1.1)
)) (/usr/share/texlive/texmf-dist/tex/latex/pgf/utilities/pgffor.sty
(/usr/share/texlive/texmf-dist/tex/latex/pgf/utilities/pgfkeys.sty
(/usr/share/texlive/texmf-dist/tex/generic/pgf/utilities/pgfkeys.code.tex))
(/usr/share/texlive/texmf-dist/tex/latex/pgf/math/pgfmath.sty
(/usr/share/texlive/texmf-dist/tex/generic/pgf/math/pgfmath.code.tex))
(/usr/share/texlive/texmf-dist/tex/generic/pgf/utilities/pgffor.code.tex
Package: pgffor 2013/12/13 v3.0.1a (rcs-revision 1.25)

(/usr/share/texlive/texmf-dist/tex/generic/pgf/math/pgfmath.code.tex)
\pgffor@iter=\dimen154
\pgffor@skip=\dimen155
\pgffor@stack=\toks36
\pgffor@toks=\toks37
))
(/usr/share/texlive/texmf-dist/tex/generic/pgf/frontendlayer/tikz/tikz.code.tex
Package: tikz 2015/08/07 v3.0.1a (rcs-revision 1.151)

(/usr/share/texlive/texmf-dist/tex/generic/pgf/libraries/pgflibraryplothandlers
.code.tex
File: pgflibraryplothandlers.code.tex 2013/08/31 v3.0.1a (rcs-revision 1.20)
\pgf@plot@mark@count=\count118
\pgfplotmarksize=\dimen156
)
\tikz@lastx=\dimen157
\tikz@lasty=\dimen158
\tikz@lastxsaved=\dimen159
\tikz@lastysaved=\dimen160
\tikzleveldistance=\dimen161
\tikzsiblingdistance=\dimen162
\tikz@figbox=\box50
\tikz@figbox@bg=\box51
\tikz@tempbox=\box52
\tikz@tempbox@bg=\box53
\tikztreelevel=\count119
\tikznumberofchildren=\count120
\tikznumberofcurrentchild=\count121
\tikz@fig@count=\count122

(/usr/share/texlive/texmf-dist/tex/generic/pgf/modules/pgfmodulematrix.code.tex
File: pgfmodulematrix.code.tex 2013/09/17  (rcs-revision 1.8)
\pgfmatrixcurrentrow=\count123
\pgfmatrixcurrentcolumn=\count124
\pgf@matrix@numberofcolumns=\count125
)
\tikz@expandcount=\count126

(/usr/share/texlive/texmf-dist/tex/generic/pgf/frontendlayer/tikz/libraries/tik
zlibrarytopaths.code.tex
File: tikzlibrarytopaths.code.tex 2008/06/17 v3.0.1a (rcs-revision 1.2)
)))
(/usr/share/texlive/texmf-dist/tex/latex/etoolbox/etoolbox.sty
Package: etoolbox 2015/08/02 v2.2a e-TeX tools for LaTeX (JAW)
\etb@tempcnta=\count127
)
(/usr/share/texlive/texmf-dist/tex/latex/lineno/lineno.sty
Package: lineno 2005/11/02 line numbers on paragraphs v4.41
\linenopenalty=\count128
\output=\toks38
\linenoprevgraf=\count129
\linenumbersep=\dimen163
\linenumberwidth=\dimen164
\c@linenumber=\count130
\c@pagewiselinenumber=\count131
\c@LN@truepage=\count132
\c@internallinenumber=\count133
\c@internallinenumbers=\count134
\quotelinenumbersep=\dimen165
\bframerule=\dimen166
\bframesep=\dimen167
\bframebox=\box54
LaTeX Info: Redefining \\ on input line 3056.
)
(/usr/share/texlive/texmf-dist/tex/latex/subfig/subfig.sty
Package: subfig 2005/06/28 ver: 1.3 subfig package

(/usr/share/texlive/texmf-dist/tex/latex/caption/caption3.sty
Package: caption3 2016/02/04 v1.7-139 caption3 kernel (AR)
Package caption3 Info: TeX engine: e-TeX on input line 67.
\captionmargin=\dimen168
\captionmargin@=\dimen169
\captionwidth=\dimen170
\caption@tempdima=\dimen171
\caption@indent=\dimen172
\caption@parindent=\dimen173
\caption@hangindent=\dimen174
Package caption Info: Unknown document class (or package),
(caption)             standard defaults will be used.
)
\c@KVtest=\count135
\sf@farskip=\skip51
\sf@captopadj=\dimen175
\sf@capskip=\skip52
\sf@nearskip=\skip53
\c@subfigure=\count136
\c@subfigure@save=\count137
\c@lofdepth=\count138
\c@subtable=\count139
\c@subtable@save=\count140
\c@lotdepth=\count141
\sf@top=\skip54
\sf@bottom=\skip55
)
(/usr/share/texlive/texmf-dist/tex/latex/mwe/mwe.sty
Package: mwe 2012/05/15 v0.3 Package to support minimal working examples (MWE)

(/usr/share/texlive/texmf-dist/tex/latex/lipsum/lipsum.sty
Package: lipsum 2014/07/27 v1.3 150 paragraphs of Lorem Ipsum dummy text
\c@lips@count=\count142
)
(/usr/share/texlive/texmf-dist/tex/latex/blindtext/blindtext.sty
Package: blindtext 2012/01/06 V2.0 blindtext-Package

(/usr/share/texlive/texmf-dist/tex/latex/tools/xspace.sty
Package: xspace 2014/10/28 v1.13 Space after command names (DPC,MH)
)
\c@blindtext=\count143
\c@Blindtext=\count144
\c@blind@countparstart=\count145
\blind@countxx=\count146
\blindtext@numBlindtext=\count147
\blind@countyy=\count148
\c@blindlist=\count149
\c@blindlistlevel=\count150
\c@blindlist@level=\count151
\blind@listitem=\count152
\c@blind@listcount=\count153
\c@blind@levelcount=\count154
\blind@mathformula=\count155
\blind@Mathformula=\count156
\c@blind@randomcount=\count157
\c@blind@randommax=\count158
\c@blind@pangramcount=\count159
\c@blind@pangrammax=\count160
))
Class revtex4-1 Info: Patching array package. on input line 32.
Class revtex4-1 Info: Robustifying \LaTeX's \boldmath command on input line 32.

Class revtex4-1 Info: cite was not loaded (OK!) on input line 32.
Class revtex4-1 Info: mcite was not loaded (OK!) on input line 32.
Class revtex4-1 Info: multicol was not loaded (OK!) on input line 32.
 (./paper.aux)
\openout1 = `paper.aux'.

LaTeX Font Info:    Checking defaults for OML/cmm/m/it on input line 32.
LaTeX Font Info:    ... okay on input line 32.
LaTeX Font Info:    Checking defaults for T1/cmr/m/n on input line 32.
LaTeX Font Info:    ... okay on input line 32.
LaTeX Font Info:    Checking defaults for OT1/cmr/m/n on input line 32.
LaTeX Font Info:    ... okay on input line 32.
LaTeX Font Info:    Checking defaults for OMS/cmsy/m/n on input line 32.
LaTeX Font Info:    ... okay on input line 32.
LaTeX Font Info:    Checking defaults for OMX/cmex/m/n on input line 32.
LaTeX Font Info:    ... okay on input line 32.
LaTeX Font Info:    Checking defaults for U/cmr/m/n on input line 32.
LaTeX Font Info:    ... okay on input line 32.

(/usr/share/texlive/texmf-dist/tex/context/base/supp-pdf.mkii
[Loading MPS to PDF converter (version 2006.09.02).]
\scratchcounter=\count161
\scratchdimen=\dimen176
\scratchbox=\box55
\nofMPsegments=\count162
\nofMParguments=\count163
\everyMPshowfont=\toks39
\MPscratchCnt=\count164
\MPscratchDim=\dimen177
\MPnumerator=\count165
\makeMPintoPDFobject=\count166
\everyMPtoPDFconversion=\toks40
) ABD: EveryShipout initializing macros
Package caption Info: Begin \AtBeginDocument code.
Package caption Info: subfig package v1.3 is loaded.
Package caption Info: End \AtBeginDocument code.
Class revtex4-1 Info: Overriding lineo.sty, restoring output routine, on input 
line 32.
Class revtex4-1 Info: Line numbering not turned on yet on input line 32.
\openout3 = `paperNotes.bib'.

Class revtex4-1 Info: Overriding \@LN@LLerror on input line 32.
 (./abstract.tex)
LaTeX Font Info:    Try loading font information for U+msa on input line 66.

(/usr/share/texlive/texmf-dist/tex/latex/amsfonts/umsa.fd
File: umsa.fd 2013/01/14 v3.01 AMS symbols A
)
LaTeX Font Info:    Try loading font information for U+msb on input line 66.

(/usr/share/texlive/texmf-dist/tex/latex/amsfonts/umsb.fd
File: umsb.fd 2013/01/14 v3.01 AMS symbols B
) (./introduction.tex
Underfull \hbox (badness 10000) in paragraph at lines 3--12

 []


Underfull \hbox (badness 1189) in paragraph at lines 13--18
\OT1/cmr/m/n/10 im-ple-men-ta-tion [[]--[]], al-though sus-tain-ing the ba-sic
 []


Underfull \hbox (badness 10000) in paragraph at lines 13--18

 []


Underfull \hbox (badness 1147) in paragraph at lines 19--29
\OT1/cmr/m/n/10 ten-dency is ex-pected to de-crease as ap-proach-ing a
 []


Underfull \hbox (badness 10000) in paragraph at lines 19--29

 []


Underfull \hbox (badness 1616) in paragraph at lines 30--38
\OT1/cmr/m/n/10 pil-grim-age in Mina-Makkah (2006). They showed
 []


Underfull \hbox (badness 1087) in paragraph at lines 30--38
\OT1/cmr/m/n/10 den-sity $\OML/cmm/m/it/10 ^^Z$\OT1/cmr/m/n/10 ) that highly de
nse crowds (seem-ingly up
 []


Underfull \hbox (badness 10000) in paragraph at lines 30--38

 []


Underfull \hbox (badness 10000) in paragraph at lines 40--49

 []


Underfull \hbox (badness 10000) in paragraph at lines 50--60

 []

[1{/var/lib/texmf/fonts/map/pdftex/updmap/pdftex.map}]
Underfull \hbox (badness 10000) in paragraph at lines 61--68

 []


Underfull \hbox (badness 10000) in paragraph at lines 69--74

 []


Underfull \hbox (badness 10000) in paragraph at lines 75--82

 []

) (./background.tex
Underfull \hbox (badness 10000) in paragraph at lines 5--11

 []


Underfull \hbox (badness 1009) in paragraph at lines 25--33
\OT1/cmr/m/n/10 re-sponds to the unit vec-tor point-ing to the tar-get
 []


Underfull \hbox (badness 10000) in paragraph at lines 25--33

 []


Underfull \hbox (badness 1577) in paragraph at lines 42--47
[]\OT1/cmr/m/n/10 where $(\OML/cmm/m/it/10 ij\OT1/cmr/m/n/10 )$ means any pedes
trian-pedestrian pair,
 []


Underfull \hbox (badness 10000) in paragraph at lines 42--47

 []

[2]
Underfull \hbox (badness 10000) in paragraph at lines 76--78

 []


Underfull \hbox (badness 10000) in paragraph at lines 83--84

 []

) (./simulations.tex
Underfull \hbox (badness 10000) in paragraph at lines 3--4

 []


Underfull \hbox (badness 7012) in paragraph at lines 5--8
[]\OT1/cmr/m/n/10 The sim-u-la-tions were sup-ported by LAMMPS
 []


Underfull \hbox (badness 10000) in paragraph at lines 5--8

 []

[3]
Underfull \hbox (badness 10000) in paragraph at lines 9--10

 []


Underfull \hbox (badness 2781) in paragraph at lines 11--13
[]\OT1/cmr/m/n/10 The de-sired ve-loc-ity for each pedes-trian $\OML/cmm/m/it/1
0 i$ \OT1/cmr/m/n/10 was
 []


Underfull \hbox (badness 10000) in paragraph at lines 11--13

 []

Missing character: There is no ‚ in font cmr10!
Missing character: There is no Ä in font cmr10!
Missing character: There is no ô in font cmr10!
Missing character: There is no ‚ in font cmr10!
Missing character: There is no Ä in font cmr10!
Missing character: There is no ô in font cmr10!

Underfull \hbox (badness 10000) in paragraph at lines 14--15

 []

Package epstopdf Info: Source file: <./plots/corridor.eps>
(epstopdf)                    date: 2018-12-21 10:44:31
(epstopdf)                    size: 26229 bytes
(epstopdf)             Output file: <./plots/corridor-eps-converted-to.pdf>
(epstopdf)             Command: <repstopdf --outfile=./plots/corridor-eps-conve
rted-to.pdf ./plots/corridor.eps>
(epstopdf)             \includegraphics on input line 21.
runsystem(repstopdf --outfile=./plots/corridor-eps-converted-to.pdf ./plots/cor
ridor.eps)...executed safely (allowed).

Package epstopdf Info: Result file: <./plots/corridor-eps-converted-to.pdf>
(epstopdf)                    date: 2019-02-22 13:30:47
(epstopdf)                    size: 15048 bytes.


pdfTeX warning: pdflatex (file ./plots/corridor-eps-converted-to.pdf): PDF incl
usion: found PDF version <1.7>, but at most version <1.5> allowed
<./plots/corridor-eps-converted-to.pdf, id=31, 796.9775pt x 597.23125pt>
File: ./plots/corridor-eps-converted-to.pdf Graphic file (type pdf)

<use ./plots/corridor-eps-converted-to.pdf>
Package pdftex.def Info: ./plots/corridor-eps-converted-to.pdf used on input li
ne 21.
(pdftex.def)             Requested size: 246.0pt x 184.33783pt.
) (./results.tex
Underfull \hbox (badness 10000) in paragraph at lines 5--6

 []


Underfull \hbox (badness 10000) in paragraph at lines 7--8

 []


Underfull \hbox (badness 10000) in paragraph at lines 16--17

 []


Underfull \hbox (badness 10000) in paragraph at lines 18--19

 []

[4 <./plots/corridor-eps-converted-to.pdf>]
Underfull \hbox (badness 10000) in paragraph at lines 26--27

 []


Underfull \hbox (badness 10000) in paragraph at lines 28--29

 []

Package epstopdf Info: Source file: <plots/flow-density_vd1_multiple_widths.eps
>
(epstopdf)                    date: 2018-12-21 10:44:31
(epstopdf)                    size: 255394 bytes
(epstopdf)             Output file: <plots/flow-density_vd1_multiple_widths-eps
-converted-to.pdf>
(epstopdf)             Command: <repstopdf --outfile=plots/flow-density_vd1_mul
tiple_widths-eps-converted-to.pdf plots/flow-density_vd1_multiple_widths.eps>
(epstopdf)             \includegraphics on input line 32.
runsystem(repstopdf --outfile=plots/flow-density_vd1_multiple_widths-eps-conver
ted-to.pdf plots/flow-density_vd1_multiple_widths.eps)...executed safely (allow
ed).

Package epstopdf Info: Result file: <plots/flow-density_vd1_multiple_widths-eps
-converted-to.pdf>
(epstopdf)                    date: 2019-02-22 13:30:52
(epstopdf)                    size: 22032 bytes.


pdfTeX warning: pdflatex (file ./plots/flow-density_vd1_multiple_widths-eps-con
verted-to.pdf): PDF inclusion: found PDF version <1.7>, but at most version <1.
5> allowed

<plots/flow-density_vd1_multiple_widths-eps-converted-to.pdf, id=38, 208.78pt x
 147.55125pt>
File: plots/flow-density_vd1_multiple_widths-eps-converted-to.pdf Graphic file 
(type pdf)

<use plots/flow-density_vd1_multiple_widths-eps-converted-to.pdf>
Package pdftex.def Info: plots/flow-density_vd1_multiple_widths-eps-converted-t
o.pdf used on input line 32.
(pdftex.def)             Requested size: 246.0pt x 173.86578pt.

Underfull \hbox (badness 10000) in paragraph at lines 39--40

 []


Underfull \hbox (badness 10000) in paragraph at lines 41--42

 []

Package epstopdf Info: Source file: <plots/speed-density_vd1_multiple_widths.ep
s>
(epstopdf)                    date: 2018-12-21 10:44:31
(epstopdf)                    size: 253912 bytes
(epstopdf)             Output file: <plots/speed-density_vd1_multiple_widths-ep
s-converted-to.pdf>
(epstopdf)             Command: <repstopdf --outfile=plots/speed-density_vd1_mu
ltiple_widths-eps-converted-to.pdf plots/speed-density_vd1_multiple_widths.eps>

(epstopdf)             \includegraphics on input line 45.
runsystem(repstopdf --outfile=plots/speed-density_vd1_multiple_widths-eps-conve
rted-to.pdf plots/speed-density_vd1_multiple_widths.eps)...executed safely (all
owed).

Package epstopdf Info: Result file: <plots/speed-density_vd1_multiple_widths-ep
s-converted-to.pdf>
(epstopdf)                    date: 2019-02-22 13:30:53
(epstopdf)                    size: 21532 bytes.


pdfTeX warning: pdflatex (file ./plots/speed-density_vd1_multiple_widths-eps-co
nverted-to.pdf): PDF inclusion: found PDF version <1.7>, but at most version <1
.5> allowed

<plots/speed-density_vd1_multiple_widths-eps-converted-to.pdf, id=39, 215.80624
pt x 151.56625pt>
File: plots/speed-density_vd1_multiple_widths-eps-converted-to.pdf Graphic file
 (type pdf)

<use plots/speed-density_vd1_multiple_widths-eps-converted-to.pdf>
Package pdftex.def Info: plots/speed-density_vd1_multiple_widths-eps-converted-
to.pdf used on input line 45.
(pdftex.def)             Requested size: 246.0pt x 172.77806pt.

Underfull \hbox (badness 10000) in paragraph at lines 56--57

 []

[5 <./plots/flow-density_vd1_multiple_widths-eps-converted-to.pdf> <./plots/spe
ed-density_vd1_multiple_widths-eps-converted-to.pdf>]
Underfull \hbox (badness 1062) in paragraph at lines 58--59
\OT1/cmr/m/n/10 cap-tion for de-tails). We can see that low-density
 []


Underfull \hbox (badness 10000) in paragraph at lines 58--59

 []

Package epstopdf Info: Source file: <plots/v_y_width22_k24.eps>
(epstopdf)                    date: 2018-12-21 10:44:31
(epstopdf)                    size: 238572 bytes
(epstopdf)             Output file: <plots/v_y_width22_k24-eps-converted-to.pdf
>
(epstopdf)             Command: <repstopdf --outfile=plots/v_y_width22_k24-eps-
converted-to.pdf plots/v_y_width22_k24.eps>
(epstopdf)             \includegraphics on input line 62.
runsystem(repstopdf --outfile=plots/v_y_width22_k24-eps-converted-to.pdf plots/
v_y_width22_k24.eps)...executed safely (allowed).

Package epstopdf Info: Result file: <plots/v_y_width22_k24-eps-converted-to.pdf
>
(epstopdf)                    date: 2019-02-22 13:30:54
(epstopdf)                    size: 18140 bytes.


pdfTeX warning: pdflatex (file ./plots/v_y_width22_k24-eps-converted-to.pdf): P
DF inclusion: found PDF version <1.7>, but at most version <1.5> allowed

<plots/v_y_width22_k24-eps-converted-to.pdf, id=86, 215.80624pt x 147.55125pt>
File: plots/v_y_width22_k24-eps-converted-to.pdf Graphic file (type pdf)

<use plots/v_y_width22_k24-eps-converted-to.pdf>
Package pdftex.def Info: plots/v_y_width22_k24-eps-converted-to.pdf used on inp
ut line 62.
(pdftex.def)             Requested size: 246.0pt x 168.20114pt.

Underfull \hbox (badness 10000) in paragraph at lines 66--67

 []

Package epstopdf Info: Source file: <plots/v_y_multi_width.eps>
(epstopdf)                    date: 2018-12-21 10:44:31
(epstopdf)                    size: 223416 bytes
(epstopdf)             Output file: <plots/v_y_multi_width-eps-converted-to.pdf
>
(epstopdf)             Command: <repstopdf --outfile=plots/v_y_multi_width-eps-
converted-to.pdf plots/v_y_multi_width.eps>
(epstopdf)             \includegraphics on input line 71.
runsystem(repstopdf --outfile=plots/v_y_multi_width-eps-converted-to.pdf plots/
v_y_multi_width.eps)...executed safely (allowed).

Package epstopdf Info: Result file: <plots/v_y_multi_width-eps-converted-to.pdf
>
(epstopdf)                    date: 2019-02-22 13:30:55
(epstopdf)                    size: 14863 bytes.


pdfTeX warning: pdflatex (file ./plots/v_y_multi_width-eps-converted-to.pdf): P
DF inclusion: found PDF version <1.7>, but at most version <1.5> allowed
<plots/v_y_multi_width-eps-converted-to.pdf, id=87, 216.81pt x 147.55125pt>
File: plots/v_y_multi_width-eps-converted-to.pdf Graphic file (type pdf)

<use plots/v_y_multi_width-eps-converted-to.pdf>
Package pdftex.def Info: plots/v_y_multi_width-eps-converted-to.pdf used on inp
ut line 71.
(pdftex.def)             Requested size: 246.0pt x 167.4244pt.

Underfull \hbox (badness 10000) in paragraph at lines 76--77

 []

Package epstopdf Info: Source file: <plots/v_y_multi_width_normaliz.eps>
(epstopdf)                    date: 2018-12-21 10:44:31
(epstopdf)                    size: 221248 bytes
(epstopdf)             Output file: <plots/v_y_multi_width_normaliz-eps-convert
ed-to.pdf>
(epstopdf)             Command: <repstopdf --outfile=plots/v_y_multi_width_norm
aliz-eps-converted-to.pdf plots/v_y_multi_width_normaliz.eps>
(epstopdf)             \includegraphics on input line 80.
runsystem(repstopdf --outfile=plots/v_y_multi_width_normaliz-eps-converted-to.p
df plots/v_y_multi_width_normaliz.eps)...executed safely (allowed).

Package epstopdf Info: Result file: <plots/v_y_multi_width_normaliz-eps-convert
ed-to.pdf>
(epstopdf)                    date: 2019-02-22 13:30:56
(epstopdf)                    size: 15564 bytes.


pdfTeX warning: pdflatex (file ./plots/v_y_multi_width_normaliz-eps-converted-t
o.pdf): PDF inclusion: found PDF version <1.7>, but at most version <1.5> allow
ed

<plots/v_y_multi_width_normaliz-eps-converted-to.pdf, id=88, 217.81375pt x 147.
55125pt>
File: plots/v_y_multi_width_normaliz-eps-converted-to.pdf Graphic file (type pd
f)
 <use plots/v_y_multi_width_normaliz-eps-converted-to.pdf>
Package pdftex.def Info: plots/v_y_multi_width_normaliz-eps-converted-to.pdf us
ed on input line 80.
(pdftex.def)             Requested size: 246.0pt x 166.64539pt.

Underfull \hbox (badness 10000) in paragraph at lines 84--85

 []

[6 <./plots/v_y_width22_k24-eps-converted-to.pdf> <./plots/v_y_multi_width-eps-
converted-to.pdf>]

LaTeX Warning: A float is stuck (cannot be placed); try class option [floatfix]
 on input line 94.


Underfull \hbox (badness 10000) in paragraph at lines 99--100

 []


Underfull \hbox (badness 10000) in paragraph at lines 101--102

 []


Underfull \hbox (badness 10000) in paragraph at lines 103--104

 []

Package epstopdf Info: Source file: <plots/abswg_width10.eps>
(epstopdf)                    date: 2018-12-21 10:44:31
(epstopdf)                    size: 321988 bytes
(epstopdf)             Output file: <plots/abswg_width10-eps-converted-to.pdf>
(epstopdf)             Command: <repstopdf --outfile=plots/abswg_width10-eps-co
nverted-to.pdf plots/abswg_width10.eps>
(epstopdf)             \includegraphics on input line 106.
runsystem(repstopdf --outfile=plots/abswg_width10-eps-converted-to.pdf plots/ab
swg_width10.eps)...executed safely (allowed).

Package epstopdf Info: Result file: <plots/abswg_width10-eps-converted-to.pdf>
(epstopdf)                    date: 2019-02-22 13:30:57
(epstopdf)                    size: 36070 bytes.


pdfTeX warning: pdflatex (file ./plots/abswg_width10-eps-converted-to.pdf): PDF
 inclusion: found PDF version <1.7>, but at most version <1.5> allowed
<plots/abswg_width10-eps-converted-to.pdf, id=120, 220.825pt x 161.60374pt>
File: plots/abswg_width10-eps-converted-to.pdf Graphic file (type pdf)

<use plots/abswg_width10-eps-converted-to.pdf>
Package pdftex.def Info: plots/abswg_width10-eps-converted-to.pdf used on input
 line 106.
(pdftex.def)             Requested size: 164.81955pt x 120.62302pt.
Package epstopdf Info: Source file: <plots/abswg_width15.eps>
(epstopdf)                    date: 2018-12-21 10:44:31
(epstopdf)                    size: 415664 bytes
(epstopdf)             Output file: <plots/abswg_width15-eps-converted-to.pdf>
(epstopdf)             Command: <repstopdf --outfile=plots/abswg_width15-eps-co
nverted-to.pdf plots/abswg_width15.eps>
(epstopdf)             \includegraphics on input line 107.
runsystem(repstopdf --outfile=plots/abswg_width15-eps-converted-to.pdf plots/ab
swg_width15.eps)...executed safely (allowed).

Package epstopdf Info: Result file: <plots/abswg_width15-eps-converted-to.pdf>
(epstopdf)                    date: 2019-02-22 13:30:58
(epstopdf)                    size: 56549 bytes.


pdfTeX warning: pdflatex (file ./plots/abswg_width15-eps-converted-to.pdf): PDF
 inclusion: found PDF version <1.7>, but at most version <1.5> allowed
<plots/abswg_width15-eps-converted-to.pdf, id=121, 220.825pt x 161.60374pt>
File: plots/abswg_width15-eps-converted-to.pdf Graphic file (type pdf)

<use plots/abswg_width15-eps-converted-to.pdf>
Package pdftex.def Info: plots/abswg_width15-eps-converted-to.pdf used on input
 line 107.
(pdftex.def)             Requested size: 164.81955pt x 120.62302pt.
Package epstopdf Info: Source file: <plots/abswg_width22.eps>
(epstopdf)                    date: 2018-12-21 10:44:31
(epstopdf)                    size: 559603 bytes
(epstopdf)             Output file: <plots/abswg_width22-eps-converted-to.pdf>
(epstopdf)             Command: <repstopdf --outfile=plots/abswg_width22-eps-co
nverted-to.pdf plots/abswg_width22.eps>
(epstopdf)             \includegraphics on input line 108.
runsystem(repstopdf --outfile=plots/abswg_width22-eps-converted-to.pdf plots/ab
swg_width22.eps)...executed safely (allowed).

Package epstopdf Info: Result file: <plots/abswg_width22-eps-converted-to.pdf>
(epstopdf)                    date: 2019-02-22 13:31:00
(epstopdf)                    size: 87812 bytes.


pdfTeX warning: pdflatex (file ./plots/abswg_width22-eps-converted-to.pdf): PDF
 inclusion: found PDF version <1.7>, but at most version <1.5> allowed
<plots/abswg_width22-eps-converted-to.pdf, id=122, 220.825pt x 159.59625pt>
File: plots/abswg_width22-eps-converted-to.pdf Graphic file (type pdf)

<use plots/abswg_width22-eps-converted-to.pdf>
Package pdftex.def Info: plots/abswg_width22-eps-converted-to.pdf used on input
 line 108.
(pdftex.def)             Requested size: 164.81955pt x 119.12459pt.

Underfull \hbox (badness 10000) in paragraph at lines 117--118

 []


Underfull \hbox (badness 10000) in paragraph at lines 119--120

 []


Underfull \hbox (badness 10000) in paragraph at lines 121--122

 []

[7 <./plots/v_y_multi_width_normaliz-eps-converted-to.pdf>]

LaTeX Warning: A float is stuck (cannot be placed); try class option [floatfix]
 on input line 122.


Underfull \hbox (badness 1661) in paragraph at lines 123--124
\OT1/cmr/m/n/10 of the fric-tion be-tween pedes-tri-ans with-out chang-
 []


Underfull \hbox (badness 1472) in paragraph at lines 123--124
\OT1/cmr/m/n/10 ing the value of the wall fric-tion. We in-creased
 []


Underfull \hbox (badness 10000) in paragraph at lines 123--124

 []


Underfull \hbox (badness 10000) in paragraph at lines 125--126

 []


Underfull \hbox (badness 10000) in paragraph at lines 127--128

 []


Underfull \hbox (badness 1014) in paragraph at lines 129--130
[]\OT1/cmr/m/n/10 Recall that other au-thors ad-dress the ``con-gested
 []


Underfull \hbox (badness 10000) in paragraph at lines 129--130

 []


Underfull \hbox (badness 10000) in paragraph at lines 131--132

 []


Underfull \hbox (badness 10000) in paragraph at lines 133--134

 []

[8 <./plots/abswg_width10-eps-converted-to.pdf> <./plots/abswg_width15-eps-conv
erted-to.pdf> <./plots/abswg_width22-eps-converted-to.pdf>]
Underfull \hbox (badness 10000) in paragraph at lines 135--137

 []

Package epstopdf Info: Source file: <plots/flow-density_pasillo22m_fgmodified_m
ulti.eps>
(epstopdf)                    date: 2018-12-21 10:44:31
(epstopdf)                    size: 223853 bytes
(epstopdf)             Output file: <plots/flow-density_pasillo22m_fgmodified_m
ulti-eps-converted-to.pdf>
(epstopdf)             Command: <repstopdf --outfile=plots/flow-density_pasillo
22m_fgmodified_multi-eps-converted-to.pdf plots/flow-density_pasillo22m_fgmodif
ied_multi.eps>
(epstopdf)             \includegraphics on input line 141.
runsystem(repstopdf --outfile=plots/flow-density_pasillo22m_fgmodified_multi-ep
s-converted-to.pdf plots/flow-density_pasillo22m_fgmodified_multi.eps)...execut
ed safely (allowed).

Package epstopdf Info: Result file: <plots/flow-density_pasillo22m_fgmodified_m
ulti-eps-converted-to.pdf>
(epstopdf)                    date: 2019-02-22 13:31:00
(epstopdf)                    size: 17063 bytes.


pdfTeX warning: pdflatex (file ./plots/flow-density_pasillo22m_fgmodified_multi
-eps-converted-to.pdf): PDF inclusion: found PDF version <1.7>, but at most ver
sion <1.5> allowed

<plots/flow-density_pasillo22m_fgmodified_multi-eps-converted-to.pdf, id=188, 2
04.765pt x 151.56625pt>
File: plots/flow-density_pasillo22m_fgmodified_multi-eps-converted-to.pdf Graph
ic file (type pdf)

<use plots/flow-density_pasillo22m_fgmodified_multi-eps-converted-to.pdf>
Package pdftex.def Info: plots/flow-density_pasillo22m_fgmodified_multi-eps-con
verted-to.pdf used on input line 141.
(pdftex.def)             Requested size: 246.0pt x 182.1006pt.

Underfull \hbox (badness 10000) in paragraph at lines 145--146

 []

Missing character: There is no ‚ in font cmr10!
Missing character: There is no Ä in font cmr10!
Missing character: There is no ú in font cmr10!
Missing character: There is no ‚ in font cmr10!
Missing character: There is no Ä in font cmr10!
Missing character: There is no ù in font cmr10!

Underfull \hbox (badness 10000) in paragraph at lines 149--156

 []


Underfull \hbox (badness 1348) in paragraph at lines 157--162
\OT1/cmr/m/n/10 den-sity pro-duces big-ger size clus-ters un-til the size
 []


Underfull \hbox (badness 1527) in paragraph at lines 157--162
\OT1/cmr/m/n/10 dis-tri-bu-tion sud-denly switches to a bi-modal dis-tri-
 []


Underfull \hbox (badness 10000) in paragraph at lines 157--162

 []


Underfull \hbox (badness 10000) in paragraph at lines 163--169

 []

Package epstopdf Info: Source file: <plots/size_distribution_w22_density4_5.eps
>
(epstopdf)                    date: 2018-12-21 10:44:31
(epstopdf)                    size: 212618 bytes
(epstopdf)             Output file: <plots/size_distribution_w22_density4_5-eps
-converted-to.pdf>
(epstopdf)             Command: <repstopdf --outfile=plots/size_distribution_w2
2_density4_5-eps-converted-to.pdf plots/size_distribution_w22_density4_5.eps>
(epstopdf)             \includegraphics on input line 171.
runsystem(repstopdf --outfile=plots/size_distribution_w22_density4_5-eps-conver
ted-to.pdf plots/size_distribution_w22_density4_5.eps)...executed safely (allow
ed).

Package epstopdf Info: Result file: <plots/size_distribution_w22_density4_5-eps
-converted-to.pdf>
(epstopdf)                    date: 2019-02-22 13:31:01
(epstopdf)                    size: 12677 bytes.


pdfTeX warning: pdflatex (file ./plots/size_distribution_w22_density4_5-eps-con
verted-to.pdf): PDF inclusion: found PDF version <1.7>, but at most version <1.
5> allowed

<plots/size_distribution_w22_density4_5-eps-converted-to.pdf, id=189, 241.90375
pt x 176.66pt>
File: plots/size_distribution_w22_density4_5-eps-converted-to.pdf Graphic file 
(type pdf)

<use plots/size_distribution_w22_density4_5-eps-converted-to.pdf>
Package pdftex.def Info: plots/size_distribution_w22_density4_5-eps-converted-t
o.pdf used on input line 171.
(pdftex.def)             Requested size: 115.6203pt x 84.43732pt.
Package epstopdf Info: Source file: <plots/size_distribution_w22_density4_5_kx1
0.eps>
(epstopdf)                    date: 2018-12-21 10:44:31
(epstopdf)                    size: 220883 bytes
(epstopdf)             Output file: <plots/size_distribution_w22_density4_5_kx1
0-eps-converted-to.pdf>
(epstopdf)             Command: <repstopdf --outfile=plots/size_distribution_w2
2_density4_5_kx10-eps-converted-to.pdf plots/size_distribution_w22_density4_5_k
x10.eps>
(epstopdf)             \includegraphics on input line 172.
runsystem(repstopdf --outfile=plots/size_distribution_w22_density4_5_kx10-eps-c
onverted-to.pdf plots/size_distribution_w22_density4_5_kx10.eps)...executed saf
ely (allowed).

Package epstopdf Info: Result file: <plots/size_distribution_w22_density4_5_kx1
0-eps-converted-to.pdf>
(epstopdf)                    date: 2019-02-22 13:31:02
(epstopdf)                    size: 13405 bytes.


pdfTeX warning: pdflatex (file ./plots/size_distribution_w22_density4_5_kx10-ep
s-converted-to.pdf): PDF inclusion: found PDF version <1.7>, but at most versio
n <1.5> allowed

<plots/size_distribution_w22_density4_5_kx10-eps-converted-to.pdf, id=190, 241.
90375pt x 176.66pt>
File: plots/size_distribution_w22_density4_5_kx10-eps-converted-to.pdf Graphic 
file (type pdf)

<use plots/size_distribution_w22_density4_5_kx10-eps-converted-to.pdf>
Package pdftex.def Info: plots/size_distribution_w22_density4_5_kx10-eps-conver
ted-to.pdf used on input line 172.
(pdftex.def)             Requested size: 115.6203pt x 84.43732pt.
Package epstopdf Info: Source file: <plots/size_distribution_w22_density5.eps>
(epstopdf)                    date: 2018-12-21 10:44:31
(epstopdf)                    size: 213116 bytes
(epstopdf)             Output file: <plots/size_distribution_w22_density5-eps-c
onverted-to.pdf>
(epstopdf)             Command: <repstopdf --outfile=plots/size_distribution_w2
2_density5-eps-converted-to.pdf plots/size_distribution_w22_density5.eps>
(epstopdf)             \includegraphics on input line 173.
runsystem(repstopdf --outfile=plots/size_distribution_w22_density5-eps-converte
d-to.pdf plots/size_distribution_w22_density5.eps)...executed safely (allowed).

Package epstopdf Info: Result file: <plots/size_distribution_w22_density5-eps-c
onverted-to.pdf>
(epstopdf)                    date: 2019-02-22 13:31:03
(epstopdf)                    size: 12680 bytes.


pdfTeX warning: pdflatex (file ./plots/size_distribution_w22_density5-eps-conve
rted-to.pdf): PDF inclusion: found PDF version <1.7>, but at most version <1.5>
 allowed

<plots/size_distribution_w22_density5-eps-converted-to.pdf, id=191, 248.93pt x 
176.66pt>
File: plots/size_distribution_w22_density5-eps-converted-to.pdf Graphic file (t
ype pdf)
 <use plots/size_distribution_w22_density5-eps-converted-to.pdf>
Package pdftex.def Info: plots/size_distribution_w22_density5-eps-converted-to.
pdf used on input line 173.
(pdftex.def)             Requested size: 115.6203pt x 82.0544pt.
Package epstopdf Info: Source file: <plots/size_distribution_w22_density5_kx10.
eps>
(epstopdf)                    date: 2018-12-21 10:44:31
(epstopdf)                    size: 212177 bytes
(epstopdf)             Output file: <plots/size_distribution_w22_density5_kx10-
eps-converted-to.pdf>
(epstopdf)             Command: <repstopdf --outfile=plots/size_distribution_w2
2_density5_kx10-eps-converted-to.pdf plots/size_distribution_w22_density5_kx10.
eps>
(epstopdf)             \includegraphics on input line 174.
runsystem(repstopdf --outfile=plots/size_distribution_w22_density5_kx10-eps-con
verted-to.pdf plots/size_distribution_w22_density5_kx10.eps)...executed safely 
(allowed).

Package epstopdf Info: Result file: <plots/size_distribution_w22_density5_kx10-
eps-converted-to.pdf>
(epstopdf)                    date: 2019-02-22 13:31:04
(epstopdf)                    size: 12511 bytes.


pdfTeX warning: pdflatex (file ./plots/size_distribution_w22_density5_kx10-eps-
converted-to.pdf): PDF inclusion: found PDF version <1.7>, but at most version 
<1.5> allowed

<plots/size_distribution_w22_density5_kx10-eps-converted-to.pdf, id=192, 248.93
pt x 176.66pt>
File: plots/size_distribution_w22_density5_kx10-eps-converted-to.pdf Graphic fi
le (type pdf)

<use plots/size_distribution_w22_density5_kx10-eps-converted-to.pdf>
Package pdftex.def Info: plots/size_distribution_w22_density5_kx10-eps-converte
d-to.pdf used on input line 174.
(pdftex.def)             Requested size: 115.6203pt x 82.0544pt.
Package epstopdf Info: Source file: <plots/size_distribution_w22_density5_5.eps
>
(epstopdf)                    date: 2018-12-21 10:44:31
(epstopdf)                    size: 212432 bytes
(epstopdf)             Output file: <plots/size_distribution_w22_density5_5-eps
-converted-to.pdf>
(epstopdf)             Command: <repstopdf --outfile=plots/size_distribution_w2
2_density5_5-eps-converted-to.pdf plots/size_distribution_w22_density5_5.eps>
(epstopdf)             \includegraphics on input line 175.
runsystem(repstopdf --outfile=plots/size_distribution_w22_density5_5-eps-conver
ted-to.pdf plots/size_distribution_w22_density5_5.eps)...executed safely (allow
ed).

Package epstopdf Info: Result file: <plots/size_distribution_w22_density5_5-eps
-converted-to.pdf>
(epstopdf)                    date: 2019-02-22 13:31:05
(epstopdf)                    size: 12522 bytes.


pdfTeX warning: pdflatex (file ./plots/size_distribution_w22_density5_5-eps-con
verted-to.pdf): PDF inclusion: found PDF version <1.7>, but at most version <1.
5> allowed

<plots/size_distribution_w22_density5_5-eps-converted-to.pdf, id=193, 233.87375
pt x 176.66pt>
File: plots/size_distribution_w22_density5_5-eps-converted-to.pdf Graphic file 
(type pdf)

<use plots/size_distribution_w22_density5_5-eps-converted-to.pdf>
Package pdftex.def Info: plots/size_distribution_w22_density5_5-eps-converted-t
o.pdf used on input line 175.
(pdftex.def)             Requested size: 115.6203pt x 87.3351pt.
Package epstopdf Info: Source file: <plots/size_distribution_w22_density5_5_kx1
0.eps>
(epstopdf)                    date: 2018-12-21 10:44:31
(epstopdf)                    size: 211738 bytes
(epstopdf)             Output file: <plots/size_distribution_w22_density5_5_kx1
0-eps-converted-to.pdf>
(epstopdf)             Command: <repstopdf --outfile=plots/size_distribution_w2
2_density5_5_kx10-eps-converted-to.pdf plots/size_distribution_w22_density5_5_k
x10.eps>
(epstopdf)             \includegraphics on input line 176.
runsystem(repstopdf --outfile=plots/size_distribution_w22_density5_5_kx10-eps-c
onverted-to.pdf plots/size_distribution_w22_density5_5_kx10.eps)...executed saf
ely (allowed).

Package epstopdf Info: Result file: <plots/size_distribution_w22_density5_5_kx1
0-eps-converted-to.pdf>
(epstopdf)                    date: 2019-02-22 13:31:06
(epstopdf)                    size: 12435 bytes.


pdfTeX warning: pdflatex (file ./plots/size_distribution_w22_density5_5_kx10-ep
s-converted-to.pdf): PDF inclusion: found PDF version <1.7>, but at most versio
n <1.5> allowed

<plots/size_distribution_w22_density5_5_kx10-eps-converted-to.pdf, id=194, 233.
87375pt x 176.66pt>
File: plots/size_distribution_w22_density5_5_kx10-eps-converted-to.pdf Graphic 
file (type pdf)

<use plots/size_distribution_w22_density5_5_kx10-eps-converted-to.pdf>
Package pdftex.def Info: plots/size_distribution_w22_density5_5_kx10-eps-conver
ted-to.pdf used on input line 176.
(pdftex.def)             Requested size: 115.6203pt x 87.3351pt.

Underfull \hbox (badness 10000) in paragraph at lines 181--183

 []


Underfull \hbox (badness 10000) in paragraph at lines 184--186

 []

[9 <./plots/flow-density_pasillo22m_fgmodified_multi-eps-converted-to.pdf>]

LaTeX Warning: A float is stuck (cannot be placed); try class option [floatfix]
 on input line 186.

Package epstopdf Info: Source file: <plots/fracc_clusteriz_vs_density.eps>
(epstopdf)                    date: 2018-12-21 10:44:31
(epstopdf)                    size: 246670 bytes
(epstopdf)             Output file: <plots/fracc_clusteriz_vs_density-eps-conve
rted-to.pdf>
(epstopdf)             Command: <repstopdf --outfile=plots/fracc_clusteriz_vs_d
ensity-eps-converted-to.pdf plots/fracc_clusteriz_vs_density.eps>
(epstopdf)             \includegraphics on input line 190.
runsystem(repstopdf --outfile=plots/fracc_clusteriz_vs_density-eps-converted-to
.pdf plots/fracc_clusteriz_vs_density.eps)...executed safely (allowed).

Package epstopdf Info: Result file: <plots/fracc_clusteriz_vs_density-eps-conve
rted-to.pdf>
(epstopdf)                    date: 2019-02-22 13:31:06
(epstopdf)                    size: 21629 bytes.


pdfTeX warning: pdflatex (file ./plots/fracc_clusteriz_vs_density-eps-converted
-to.pdf): PDF inclusion: found PDF version <1.7>, but at most version <1.5> all
owed

<plots/fracc_clusteriz_vs_density-eps-converted-to.pdf, id=216, 210.7875pt x 14
9.55875pt>
File: plots/fracc_clusteriz_vs_density-eps-converted-to.pdf Graphic file (type 
pdf)
 <use plots/fracc_clusteriz_vs_density-eps-converted-to.pdf>
Package pdftex.def Info: plots/fracc_clusteriz_vs_density-eps-converted-to.pdf 
used on input line 190.
(pdftex.def)             Requested size: 246.0pt x 174.54715pt.

Underfull \hbox (badness 10000) in paragraph at lines 194--204

 []

) (./conclusions.tex
Underfull \hbox (badness 2961) in paragraph at lines 3--18
\OT1/cmr/m/n/10 were stud-ied through nu-mer-i-cal com-pu-ta-tions and
 []


Underfull \hbox (badness 10000) in paragraph at lines 3--18

 []


Underfull \hbox (badness 10000) in paragraph at lines 19--27

 []

[10 <./plots/size_distribution_w22_density4_5-eps-converted-to.pdf> <./plots/si
ze_distribution_w22_density4_5_kx10-eps-converted-to.pdf> <./plots/size_distrib
ution_w22_density5-eps-converted-to.pdf> <./plots/size_distribution_w22_density
5_kx10-eps-converted-to.pdf> <./plots/size_distribution_w22_density5_5-eps-conv
erted-to.pdf> <./plots/size_distribution_w22_density5_5_kx10-eps-converted-to.p
df> <./plots/fracc_clusteriz_vs_density-eps-converted-to.pdf>]
Underfull \hbox (badness 1038) in paragraph at lines 28--38
[]\OT1/cmr/m/n/10 We fur-ther ex-plored the ve-loc-ity pro-file across a
 []


Underfull \hbox (badness 10000) in paragraph at lines 28--38

 []


Underfull \hbox (badness 10000) in paragraph at lines 39--44

 []


Underfull \hbox (badness 10000) in paragraph at lines 45--51

 []


Underfull \hbox (badness 1742) in paragraph at lines 53--59
[]\OT1/cmr/m/n/10 We fur-ther pro-pose mod-el-ing the pedestrian-wall
 []


Underfull \hbox (badness 10000) in paragraph at lines 53--59

 []

) (./acknowledgments.tex) (./appendix.tex
Underfull \hbox (badness 10000) in paragraph at lines 27--30

 []


Underfull \hbox (badness 10000) in paragraph at lines 45--47

 []


Underfull \hbox (badness 10000) in paragraph at lines 48--52

 []


Underfull \hbox (badness 1308) in paragraph at lines 53--59
\OT1/cmr/m/n/10 tu-ally ``weights'' the ef-fects of the en-vi-ron-ment on
 []


Underfull \hbox (badness 10000) in paragraph at lines 53--59

 []


Underfull \hbox (badness 1565) in paragraph at lines 60--67
\OT1/cmr/m/n/10 hy-poth-e-size that the ``key con-trol pa-ram-e-ter'' may
 []


Underfull \hbox (badness 10000) in paragraph at lines 60--67

 []

Package epstopdf Info: Source file: <./plots/pasillo.eps>
(epstopdf)                    date: 2018-12-21 10:44:31
(epstopdf)                    size: 15746 bytes
(epstopdf)             Output file: <./plots/pasillo-eps-converted-to.pdf>
(epstopdf)             Command: <repstopdf --outfile=./plots/pasillo-eps-conver
ted-to.pdf ./plots/pasillo.eps>
(epstopdf)             \includegraphics on input line 83.
runsystem(repstopdf --outfile=./plots/pasillo-eps-converted-to.pdf ./plots/pasi
llo.eps)...executed safely (allowed).

Package epstopdf Info: Result file: <./plots/pasillo-eps-converted-to.pdf>
(epstopdf)                    date: 2019-02-22 13:31:07
(epstopdf)                    size: 10945 bytes.


pdfTeX warning: pdflatex (file ./plots/pasillo-eps-converted-to.pdf): PDF inclu
sion: found PDF version <1.7>, but at most version <1.5> allowed
<./plots/pasillo-eps-converted-to.pdf, id=315, 466.74374pt x 230.8625pt>
File: ./plots/pasillo-eps-converted-to.pdf Graphic file (type pdf)

<use ./plots/pasillo-eps-converted-to.pdf>
Package pdftex.def Info: ./plots/pasillo-eps-converted-to.pdf used on input lin
e 83.
(pdftex.def)             Requested size: 246.0pt x 121.67665pt.
 [11]

LaTeX Warning: A float is stuck (cannot be placed); try class option [floatfix]
 on input line 94.


Underfull \hbox (badness 10000) in paragraph at lines 96--105

 []


Underfull \hbox (badness 10000) in paragraph at lines 135--140

 []


Underfull \hbox (badness 10000) in paragraph at lines 141--147

 []

Package epstopdf Info: Source file: <./plots/fig_velocity_model.eps>
(epstopdf)                    date: 2018-12-21 10:44:31
(epstopdf)                    size: 199744 bytes
(epstopdf)             Output file: <./plots/fig_velocity_model-eps-converted-t
o.pdf>
(epstopdf)             Command: <repstopdf --outfile=./plots/fig_velocity_model
-eps-converted-to.pdf ./plots/fig_velocity_model.eps>
(epstopdf)             \includegraphics on input line 151.
runsystem(repstopdf --outfile=./plots/fig_velocity_model-eps-converted-to.pdf .
/plots/fig_velocity_model.eps)...executed safely (allowed).

Package epstopdf Info: Result file: <./plots/fig_velocity_model-eps-converted-t
o.pdf>
(epstopdf)                    date: 2019-02-22 13:31:08
(epstopdf)                    size: 12723 bytes.


pdfTeX warning: pdflatex (file ./plots/fig_velocity_model-eps-converted-to.pdf)
: PDF inclusion: found PDF version <1.7>, but at most version <1.5> allowed

<./plots/fig_velocity_model-eps-converted-to.pdf, id=319, 217.81375pt x 146.547
5pt>
File: ./plots/fig_velocity_model-eps-converted-to.pdf Graphic file (type pdf)
 <use ./plots/fig_velocity_model-eps-converted-to.pdf>
Package pdftex.def Info: ./plots/fig_velocity_model-eps-converted-to.pdf used o
n input line 151.
(pdftex.def)             Requested size: 246.0pt x 165.51175pt.

Underfull \hbox (badness 10000) in paragraph at lines 157--162

 []


Underfull \hbox (badness 10000) in paragraph at lines 175--181

 []

Package epstopdf Info: Source file: <./plots/fig_flux_model.eps>
(epstopdf)                    date: 2018-12-21 10:44:31
(epstopdf)                    size: 189926 bytes
(epstopdf)             Output file: <./plots/fig_flux_model-eps-converted-to.pd
f>
(epstopdf)             Command: <repstopdf --outfile=./plots/fig_flux_model-eps
-converted-to.pdf ./plots/fig_flux_model.eps>
(epstopdf)             \includegraphics on input line 185.
runsystem(repstopdf --outfile=./plots/fig_flux_model-eps-converted-to.pdf ./plo
ts/fig_flux_model.eps)...executed safely (allowed).

Package epstopdf Info: Result file: <./plots/fig_flux_model-eps-converted-to.pd
f>
(epstopdf)                    date: 2019-02-22 13:31:08
(epstopdf)                    size: 9905 bytes.


pdfTeX warning: pdflatex (file ./plots/fig_flux_model-eps-converted-to.pdf): PD
F inclusion: found PDF version <1.7>, but at most version <1.5> allowed

<./plots/fig_flux_model-eps-converted-to.pdf, id=320, 207.77625pt x 150.5625pt>
File: ./plots/fig_flux_model-eps-converted-to.pdf Graphic file (type pdf)
<use ./plots/fig_flux_model-eps-converted-to.pdf>
Package pdftex.def Info: ./plots/fig_flux_model-eps-converted-to.pdf used on in
put line 185.
(pdftex.def)             Requested size: 246.0pt x 178.2687pt.
 [12 <./plots/pasillo-eps-converted-to.pdf> <./plots/fig_velocity_model-eps-con
verted-to.pdf>]

LaTeX Warning: A float is stuck (cannot be placed); try class option [floatfix]
 on input line 202.


Underfull \hbox (badness 10000) in paragraph at lines 207--208

 []


Underfull \hbox (badness 10000) in paragraph at lines 209--210

 []


Underfull \hbox (badness 10000) in paragraph at lines 211--212

 []

Package epstopdf Info: Source file: <./plots/fis_kx10.eps>
(epstopdf)                    date: 2018-12-21 10:44:31
(epstopdf)                    size: 239172 bytes
(epstopdf)             Output file: <./plots/fis_kx10-eps-converted-to.pdf>
(epstopdf)             Command: <repstopdf --outfile=./plots/fis_kx10-eps-conve
rted-to.pdf ./plots/fis_kx10.eps>
(epstopdf)             \includegraphics on input line 215.
runsystem(repstopdf --outfile=./plots/fis_kx10-eps-converted-to.pdf ./plots/fis
_kx10.eps)...executed safely (allowed).

Package epstopdf Info: Result file: <./plots/fis_kx10-eps-converted-to.pdf>
(epstopdf)                    date: 2019-02-22 13:31:09
(epstopdf)                    size: 19442 bytes.


pdfTeX warning: pdflatex (file ./plots/fis_kx10-eps-converted-to.pdf): PDF incl
usion: found PDF version <1.7>, but at most version <1.5> allowed
<./plots/fis_kx10-eps-converted-to.pdf, id=345, 214.8025pt x 150.5625pt>
File: ./plots/fis_kx10-eps-converted-to.pdf Graphic file (type pdf)

<use ./plots/fis_kx10-eps-converted-to.pdf>
Package pdftex.def Info: ./plots/fis_kx10-eps-converted-to.pdf used on input li
ne 215.
(pdftex.def)             Requested size: 246.0pt x 172.43332pt.
Missing character: There is no ‚ in font cmr9!
Missing character: There is no Ä in font cmr9!
Missing character: There is no ô in font cmr9!
Missing character: There is no ‚ in font cmr9!
Missing character: There is no Ä in font cmr9!
Missing character: There is no ô in font cmr9!
Package epstopdf Info: Source file: <./plots/fis_cociente.eps>
(epstopdf)                    date: 2018-12-21 10:44:31
(epstopdf)                    size: 206631 bytes
(epstopdf)             Output file: <./plots/fis_cociente-eps-converted-to.pdf>

(epstopdf)             Command: <repstopdf --outfile=./plots/fis_cociente-eps-c
onverted-to.pdf ./plots/fis_cociente.eps>
(epstopdf)             \includegraphics on input line 223.
runsystem(repstopdf --outfile=./plots/fis_cociente-eps-converted-to.pdf ./plots
/fis_cociente.eps)...executed safely (allowed).

Package epstopdf Info: Result file: <./plots/fis_cociente-eps-converted-to.pdf>

(epstopdf)                    date: 2019-02-22 13:31:10
(epstopdf)                    size: 12157 bytes.


pdfTeX warning: pdflatex (file ./plots/fis_cociente-eps-converted-to.pdf): PDF 
inclusion: found PDF version <1.7>, but at most version <1.5> allowed
<./plots/fis_cociente-eps-converted-to.pdf, id=346, 211.79124pt x 150.5625pt>
File: ./plots/fis_cociente-eps-converted-to.pdf Graphic file (type pdf)

<use ./plots/fis_cociente-eps-converted-to.pdf>
Package pdftex.def Info: ./plots/fis_cociente-eps-converted-to.pdf used on inpu
t line 223.
(pdftex.def)             Requested size: 246.0pt x 174.88924pt.
) (./paper.bbl [13 <./plots/fig_flux_model-eps-converted-to.pdf> <./plots/fis_k
x10-eps-converted-to.pdf>]

LaTeX Warning: A float is stuck (cannot be placed); try class option [floatfix]
 on input line 9.

[14 <./plots/fis_cociente-eps-converted-to.pdf>]) [15] (./paper.aux) ) 
Here is how much of TeX's memory you used:
 16328 strings out of 493029
 303653 string characters out of 6136233
 459619 words of memory out of 5000000
 19498 multiletter control sequences out of 15000+600000
 14639 words of font info for 54 fonts, out of 8000000 for 9000
 1141 hyphenation exceptions out of 8191
 55i,10n,54p,1661b,381s stack positions out of 5000i,500n,10000p,200000b,80000s
</usr/sha
re/texlive/texmf-dist/fonts/type1/public/amsfonts/cm/cmbx10.pfb></usr/share/tex
live/texmf-dist/fonts/type1/public/amsfonts/cm/cmbx12.pfb></usr/share/texlive/t
exmf-dist/fonts/type1/public/amsfonts/cm/cmbx9.pfb></usr/share/texlive/texmf-di
st/fonts/type1/public/amsfonts/cm/cmex10.pfb></usr/share/texlive/texmf-dist/fon
ts/type1/public/amsfonts/cm/cmmi10.pfb></usr/share/texlive/texmf-dist/fonts/typ
e1/public/amsfonts/cm/cmmi12.pfb></usr/share/texlive/texmf-dist/fonts/type1/pub
lic/amsfonts/cm/cmmi5.pfb></usr/share/texlive/texmf-dist/fonts/type1/public/ams
fonts/cm/cmmi6.pfb></usr/share/texlive/texmf-dist/fonts/type1/public/amsfonts/c
m/cmmi7.pfb></usr/share/texlive/texmf-dist/fonts/type1/public/amsfonts/cm/cmmi8
.pfb></usr/share/texlive/texmf-dist/fonts/type1/public/amsfonts/cm/cmmi9.pfb></
usr/share/texlive/texmf-dist/fonts/type1/public/amsfonts/cm/cmr10.pfb></usr/sha
re/texlive/texmf-dist/fonts/type1/public/amsfonts/cm/cmr12.pfb></usr/share/texl
ive/texmf-dist/fonts/type1/public/amsfonts/cm/cmr5.pfb></usr/share/texlive/texm
f-dist/fonts/type1/public/amsfonts/cm/cmr6.pfb></usr/share/texlive/texmf-dist/f
onts/type1/public/amsfonts/cm/cmr7.pfb></usr/share/texlive/texmf-dist/fonts/typ
e1/public/amsfonts/cm/cmr8.pfb></usr/share/texlive/texmf-dist/fonts/type1/publi
c/amsfonts/cm/cmr9.pfb></usr/share/texlive/texmf-dist/fonts/type1/public/amsfon
ts/cm/cmsy10.pfb></usr/share/texlive/texmf-dist/fonts/type1/public/amsfonts/cm/
cmsy5.pfb></usr/share/texlive/texmf-dist/fonts/type1/public/amsfonts/cm/cmsy6.p
fb></usr/share/texlive/texmf-dist/fonts/type1/public/amsfonts/cm/cmsy7.pfb></us
r/share/texlive/texmf-dist/fonts/type1/public/amsfonts/cm/cmsy9.pfb></usr/share
/texlive/texmf-dist/fonts/type1/public/amsfonts/cm/cmti10.pfb></usr/share/texli
ve/texmf-dist/fonts/type1/public/amsfonts/cm/cmti9.pfb></usr/share/texlive/texm
f-dist/fonts/type1/public/amsfonts/symbols/msam10.pfb></usr/share/texlive/texmf
-dist/fonts/type1/urw/ncntrsbk/uncr8a.pfb>
Output written on paper.pdf (15 pages, 628210 bytes).
PDF statistics:
 464 PDF objects out of 1000 (max. 8388607)
 391 compressed objects within 4 object streams
 0 named destinations out of 1000 (max. 500000)
 123 words of extra memory for PDF output out of 10000 (max. 10000000)

