This is pdfTeX, Version 3.14159265-2.6-1.40.16 (TeX Live 2015/Debian) (preloaded format=pdflatex 2018.10.31)  19 MAR 2019 19:59
entering extended mode
 restricted \write18 enabled.
 %&-line parsing enabled.
**paper.tex
(./paper.tex
LaTeX2e <2016/02/01>
Babel <3.9q> and hyphenation patterns for 81 language(s) loaded.
(/usr/share/texlive/texmf-dist/tex/latex/elsarticle/elsarticle.cls
Document Class: elsarticle 2009/09/17, 1.2.0: Elsevier Ltd
\@bls=\dimen102
(/usr/share/texlive/texmf-dist/tex/latex/base/article.cls
Document Class: article 2014/09/29 v1.4h Standard LaTeX document class
(/usr/share/texlive/texmf-dist/tex/latex/base/size12.clo
File: size12.clo 2014/09/29 v1.4h Standard LaTeX file (size option)
)
\c@part=\count79
\c@section=\count80
\c@subsection=\count81
\c@subsubsection=\count82
\c@paragraph=\count83
\c@subparagraph=\count84
\c@figure=\count85
\c@table=\count86
\abovecaptionskip=\skip41
\belowcaptionskip=\skip42
\bibindent=\dimen103
)
(/usr/share/texlive/texmf-dist/tex/latex/graphics/graphicx.sty
Package: graphicx 2014/10/28 v1.0g Enhanced LaTeX Graphics (DPC,SPQR)

(/usr/share/texlive/texmf-dist/tex/latex/graphics/keyval.sty
Package: keyval 2014/10/28 v1.15 key=value parser (DPC)
\KV@toks@=\toks14
)
(/usr/share/texlive/texmf-dist/tex/latex/graphics/graphics.sty
Package: graphics 2016/01/03 v1.0q Standard LaTeX Graphics (DPC,SPQR)

(/usr/share/texlive/texmf-dist/tex/latex/graphics/trig.sty
Package: trig 2016/01/03 v1.10 sin cos tan (DPC)
)
(/usr/share/texlive/texmf-dist/tex/latex/latexconfig/graphics.cfg
File: graphics.cfg 2010/04/23 v1.9 graphics configuration of TeX Live
)
Package graphics Info: Driver file: pdftex.def on input line 95.

(/usr/share/texlive/texmf-dist/tex/latex/pdftex-def/pdftex.def
File: pdftex.def 2011/05/27 v0.06d Graphics/color for pdfTeX

(/usr/share/texlive/texmf-dist/tex/generic/oberdiek/infwarerr.sty
Package: infwarerr 2010/04/08 v1.3 Providing info/warning/error messages (HO)
)
(/usr/share/texlive/texmf-dist/tex/generic/oberdiek/ltxcmds.sty
Package: ltxcmds 2011/11/09 v1.22 LaTeX kernel commands for general use (HO)
)
\Gread@gobject=\count87
))
\Gin@req@height=\dimen104
\Gin@req@width=\dimen105
)
(/usr/share/texlive/texmf-dist/tex/latex/psnfss/pifont.sty
Package: pifont 2005/04/12 PSNFSS-v9.2a Pi font support (SPQR) 
LaTeX Font Info:    Try loading font information for U+pzd on input line 63.

(/usr/share/texlive/texmf-dist/tex/latex/psnfss/upzd.fd
File: upzd.fd 2001/06/04 font definitions for U/pzd.
)
LaTeX Font Info:    Try loading font information for U+psy on input line 64.

(/usr/share/texlive/texmf-dist/tex/latex/psnfss/upsy.fd
File: upsy.fd 2001/06/04 font definitions for U/psy.
))
\c@tnote=\count88
\c@fnote=\count89
\c@cnote=\count90
\c@ead=\count91
\c@author=\count92
\@eadauthor=\toks15
\c@affn=\count93
\absbox=\box26
\keybox=\box27
\Columnwidth=\dimen106
\space@left=\dimen107
\els@boxa=\box28
\els@boxb=\box29
\leftMargin=\dimen108
\@enLab=\toks16
\@sep=\skip43
\@@sep=\skip44
 (./paper.spl)
(/usr/share/texlive/texmf-dist/tex/latex/natbib/natbib.sty
Package: natbib 2010/09/13 8.31b (PWD, AO)
\bibhang=\skip45
\bibsep=\skip46
LaTeX Info: Redefining \cite on input line 694.
\c@NAT@ctr=\count94
)
\splwrite=\write3
\openout3 = `paper.spl'.

)
(/usr/share/texlive/texmf-dist/tex/latex/tools/verbatim.sty
Package: verbatim 2014/10/28 v1.5q LaTeX2e package for verbatim enhancements
\every@verbatim=\toks17
\verbatim@line=\toks18
\verbatim@in@stream=\read1
)
(/usr/share/texlive/texmf-dist/tex/latex/graphics/epsfig.sty
Package: epsfig 1999/02/16 v1.7a (e)psfig emulation (SPQR)
\epsfxsize=\dimen109
\epsfysize=\dimen110
)
(/usr/share/texlive/texmf-dist/tex/latex/amsfonts/amssymb.sty
Package: amssymb 2013/01/14 v3.01 AMS font symbols

(/usr/share/texlive/texmf-dist/tex/latex/amsfonts/amsfonts.sty
Package: amsfonts 2013/01/14 v3.01 Basic AMSFonts support
\@emptytoks=\toks19
\symAMSa=\mathgroup4
\symAMSb=\mathgroup5
LaTeX Font Info:    Overwriting math alphabet `\mathfrak' in version `bold'
(Font)                  U/euf/m/n --> U/euf/b/n on input line 106.
))
(/usr/share/texlive/texmf-dist/tex/latex/mathtools/mathtools.sty
Package: mathtools 2015/11/12 v1.18 mathematical typesetting tools

(/usr/share/texlive/texmf-dist/tex/latex/tools/calc.sty
Package: calc 2014/10/28 v4.3 Infix arithmetic (KKT,FJ)
\calc@Acount=\count95
\calc@Bcount=\count96
\calc@Adimen=\dimen111
\calc@Bdimen=\dimen112
\calc@Askip=\skip47
\calc@Bskip=\skip48
LaTeX Info: Redefining \setlength on input line 80.
LaTeX Info: Redefining \addtolength on input line 81.
\calc@Ccount=\count97
\calc@Cskip=\skip49
)
(/usr/share/texlive/texmf-dist/tex/latex/mathtools/mhsetup.sty
Package: mhsetup 2010/01/21 v1.2a programming setup (MH)
)
(/usr/share/texlive/texmf-dist/tex/latex/amsmath/amsmath.sty
Package: amsmath 2016/03/03 v2.15a AMS math features
\@mathmargin=\skip50

For additional information on amsmath, use the `?' option.
(/usr/share/texlive/texmf-dist/tex/latex/amsmath/amstext.sty
Package: amstext 2000/06/29 v2.01 AMS text

(/usr/share/texlive/texmf-dist/tex/latex/amsmath/amsgen.sty
File: amsgen.sty 1999/11/30 v2.0 generic functions
\@emptytoks=\toks20
\ex@=\dimen113
))
(/usr/share/texlive/texmf-dist/tex/latex/amsmath/amsbsy.sty
Package: amsbsy 1999/11/29 v1.2d Bold Symbols
\pmbraise@=\dimen114
)
(/usr/share/texlive/texmf-dist/tex/latex/amsmath/amsopn.sty
Package: amsopn 1999/12/14 v2.01 operator names
)
\inf@bad=\count98
LaTeX Info: Redefining \frac on input line 199.
\uproot@=\count99
\leftroot@=\count100
LaTeX Info: Redefining \overline on input line 297.
\classnum@=\count101
\DOTSCASE@=\count102
LaTeX Info: Redefining \ldots on input line 394.
LaTeX Info: Redefining \dots on input line 397.
LaTeX Info: Redefining \cdots on input line 518.
\Mathstrutbox@=\box30
\strutbox@=\box31
\big@size=\dimen115
LaTeX Font Info:    Redeclaring font encoding OML on input line 630.
LaTeX Font Info:    Redeclaring font encoding OMS on input line 631.
\macc@depth=\count103
\c@MaxMatrixCols=\count104
\dotsspace@=\muskip10
\c@parentequation=\count105
\dspbrk@lvl=\count106
\tag@help=\toks21
\row@=\count107
\column@=\count108
\maxfields@=\count109
\andhelp@=\toks22
\eqnshift@=\dimen116
\alignsep@=\dimen117
\tagshift@=\dimen118
\tagwidth@=\dimen119
\totwidth@=\dimen120
\lineht@=\dimen121
\@envbody=\toks23
\multlinegap=\skip51
\multlinetaggap=\skip52
\mathdisplay@stack=\toks24
LaTeX Info: Redefining \[ on input line 2735.
LaTeX Info: Redefining \] on input line 2736.
)
LaTeX Info: Thecontrolsequence`\('isalreadyrobust on input line 129.
LaTeX Info: Thecontrolsequence`\)'isalreadyrobust on input line 129.
LaTeX Info: Thecontrolsequence`\['isalreadyrobust on input line 129.
LaTeX Info: Thecontrolsequence`\]'isalreadyrobust on input line 129.
\g_MT_multlinerow_int=\count110
\l_MT_multwidth_dim=\dimen122
\origjot=\skip53
\l_MT_shortvdotswithinadjustabove_dim=\dimen123
\l_MT_shortvdotswithinadjustbelow_dim=\dimen124
\l_MT_above_intertext_sep=\dimen125
\l_MT_below_intertext_sep=\dimen126
\l_MT_above_shortintertext_sep=\dimen127
\l_MT_below_shortintertext_sep=\dimen128
)
(/usr/share/texlive/texmf-dist/tex/latex/lineno/lineno.sty
Package: lineno 2005/11/02 line numbers on paragraphs v4.41
\linenopenalty=\count111
\output=\toks25
\linenoprevgraf=\count112
\linenumbersep=\dimen129
\linenumberwidth=\dimen130
\c@linenumber=\count113
\c@pagewiselinenumber=\count114
\c@LN@truepage=\count115
\c@internallinenumber=\count116
\c@internallinenumbers=\count117
\quotelinenumbersep=\dimen131
\bframerule=\dimen132
\bframesep=\dimen133
\bframebox=\box32
LaTeX Info: Redefining \\ on input line 3056.
)
(/usr/share/texlive/texmf-dist/tex/latex/pgf/frontendlayer/tikz.sty
(/usr/share/texlive/texmf-dist/tex/latex/pgf/basiclayer/pgf.sty
(/usr/share/texlive/texmf-dist/tex/latex/pgf/utilities/pgfrcs.sty
(/usr/share/texlive/texmf-dist/tex/generic/pgf/utilities/pgfutil-common.tex
\pgfutil@everybye=\toks26
\pgfutil@tempdima=\dimen134
\pgfutil@tempdimb=\dimen135

(/usr/share/texlive/texmf-dist/tex/generic/pgf/utilities/pgfutil-common-lists.t
ex)) (/usr/share/texlive/texmf-dist/tex/generic/pgf/utilities/pgfutil-latex.def
\pgfutil@abb=\box33
(/usr/share/texlive/texmf-dist/tex/latex/ms/everyshi.sty
Package: everyshi 2001/05/15 v3.00 EveryShipout Package (MS)
))
(/usr/share/texlive/texmf-dist/tex/generic/pgf/utilities/pgfrcs.code.tex
Package: pgfrcs 2015/08/07 v3.0.1a (rcs-revision 1.31)
))
Package: pgf 2015/08/07 v3.0.1a (rcs-revision 1.15)

(/usr/share/texlive/texmf-dist/tex/latex/pgf/basiclayer/pgfcore.sty
(/usr/share/texlive/texmf-dist/tex/latex/pgf/systemlayer/pgfsys.sty
(/usr/share/texlive/texmf-dist/tex/generic/pgf/systemlayer/pgfsys.code.tex
Package: pgfsys 2014/07/09 v3.0.1a (rcs-revision 1.48)

(/usr/share/texlive/texmf-dist/tex/generic/pgf/utilities/pgfkeys.code.tex
\pgfkeys@pathtoks=\toks27
\pgfkeys@temptoks=\toks28

(/usr/share/texlive/texmf-dist/tex/generic/pgf/utilities/pgfkeysfiltered.code.t
ex
\pgfkeys@tmptoks=\toks29
))
\pgf@x=\dimen136
\pgf@y=\dimen137
\pgf@xa=\dimen138
\pgf@ya=\dimen139
\pgf@xb=\dimen140
\pgf@yb=\dimen141
\pgf@xc=\dimen142
\pgf@yc=\dimen143
\w@pgf@writea=\write4
\r@pgf@reada=\read2
\c@pgf@counta=\count118
\c@pgf@countb=\count119
\c@pgf@countc=\count120
\c@pgf@countd=\count121
\t@pgf@toka=\toks30
\t@pgf@tokb=\toks31
\t@pgf@tokc=\toks32
 (/usr/share/texlive/texmf-dist/tex/generic/pgf/systemlayer/pgf.cfg
File: pgf.cfg 2008/05/14  (rcs-revision 1.7)
)
Driver file for pgf: pgfsys-pdftex.def

(/usr/share/texlive/texmf-dist/tex/generic/pgf/systemlayer/pgfsys-pdftex.def
File: pgfsys-pdftex.def 2014/10/11  (rcs-revision 1.35)

(/usr/share/texlive/texmf-dist/tex/generic/pgf/systemlayer/pgfsys-common-pdf.de
f
File: pgfsys-common-pdf.def 2013/10/10  (rcs-revision 1.13)
)))
(/usr/share/texlive/texmf-dist/tex/generic/pgf/systemlayer/pgfsyssoftpath.code.
tex
File: pgfsyssoftpath.code.tex 2013/09/09  (rcs-revision 1.9)
\pgfsyssoftpath@smallbuffer@items=\count122
\pgfsyssoftpath@bigbuffer@items=\count123
)
(/usr/share/texlive/texmf-dist/tex/generic/pgf/systemlayer/pgfsysprotocol.code.
tex
File: pgfsysprotocol.code.tex 2006/10/16  (rcs-revision 1.4)
)) (/usr/share/texlive/texmf-dist/tex/latex/xcolor/xcolor.sty
Package: xcolor 2007/01/21 v2.11 LaTeX color extensions (UK)

(/usr/share/texlive/texmf-dist/tex/latex/latexconfig/color.cfg
File: color.cfg 2007/01/18 v1.5 color configuration of teTeX/TeXLive
)
Package xcolor Info: Driver file: pdftex.def on input line 225.
Package xcolor Info: Model `cmy' substituted by `cmy0' on input line 1337.
Package xcolor Info: Model `hsb' substituted by `rgb' on input line 1341.
Package xcolor Info: Model `RGB' extended on input line 1353.
Package xcolor Info: Model `HTML' substituted by `rgb' on input line 1355.
Package xcolor Info: Model `Hsb' substituted by `hsb' on input line 1356.
Package xcolor Info: Model `tHsb' substituted by `hsb' on input line 1357.
Package xcolor Info: Model `HSB' substituted by `hsb' on input line 1358.
Package xcolor Info: Model `Gray' substituted by `gray' on input line 1359.
Package xcolor Info: Model `wave' substituted by `hsb' on input line 1360.
)
(/usr/share/texlive/texmf-dist/tex/generic/pgf/basiclayer/pgfcore.code.tex
Package: pgfcore 2010/04/11 v3.0.1a (rcs-revision 1.7)

(/usr/share/texlive/texmf-dist/tex/generic/pgf/math/pgfmath.code.tex
(/usr/share/texlive/texmf-dist/tex/generic/pgf/math/pgfmathcalc.code.tex
(/usr/share/texlive/texmf-dist/tex/generic/pgf/math/pgfmathutil.code.tex)
(/usr/share/texlive/texmf-dist/tex/generic/pgf/math/pgfmathparser.code.tex
\pgfmath@dimen=\dimen144
\pgfmath@count=\count124
\pgfmath@box=\box34
\pgfmath@toks=\toks33
\pgfmath@stack@operand=\toks34
\pgfmath@stack@operation=\toks35
)
(/usr/share/texlive/texmf-dist/tex/generic/pgf/math/pgfmathfunctions.code.tex
(/usr/share/texlive/texmf-dist/tex/generic/pgf/math/pgfmathfunctions.basic.code
.tex)
(/usr/share/texlive/texmf-dist/tex/generic/pgf/math/pgfmathfunctions.trigonomet
ric.code.tex)
(/usr/share/texlive/texmf-dist/tex/generic/pgf/math/pgfmathfunctions.random.cod
e.tex)
(/usr/share/texlive/texmf-dist/tex/generic/pgf/math/pgfmathfunctions.comparison
.code.tex)
(/usr/share/texlive/texmf-dist/tex/generic/pgf/math/pgfmathfunctions.base.code.
tex)
(/usr/share/texlive/texmf-dist/tex/generic/pgf/math/pgfmathfunctions.round.code
.tex)
(/usr/share/texlive/texmf-dist/tex/generic/pgf/math/pgfmathfunctions.misc.code.
tex)
(/usr/share/texlive/texmf-dist/tex/generic/pgf/math/pgfmathfunctions.integerari
thmetics.code.tex)))
(/usr/share/texlive/texmf-dist/tex/generic/pgf/math/pgfmathfloat.code.tex
\c@pgfmathroundto@lastzeros=\count125
))
(/usr/share/texlive/texmf-dist/tex/generic/pgf/basiclayer/pgfcorepoints.code.te
x
File: pgfcorepoints.code.tex 2013/10/07  (rcs-revision 1.27)
\pgf@picminx=\dimen145
\pgf@picmaxx=\dimen146
\pgf@picminy=\dimen147
\pgf@picmaxy=\dimen148
\pgf@pathminx=\dimen149
\pgf@pathmaxx=\dimen150
\pgf@pathminy=\dimen151
\pgf@pathmaxy=\dimen152
\pgf@xx=\dimen153
\pgf@xy=\dimen154
\pgf@yx=\dimen155
\pgf@yy=\dimen156
\pgf@zx=\dimen157
\pgf@zy=\dimen158
)
(/usr/share/texlive/texmf-dist/tex/generic/pgf/basiclayer/pgfcorepathconstruct.
code.tex
File: pgfcorepathconstruct.code.tex 2013/10/07  (rcs-revision 1.29)
\pgf@path@lastx=\dimen159
\pgf@path@lasty=\dimen160
)
(/usr/share/texlive/texmf-dist/tex/generic/pgf/basiclayer/pgfcorepathusage.code
.tex
File: pgfcorepathusage.code.tex 2014/11/02  (rcs-revision 1.24)
\pgf@shorten@end@additional=\dimen161
\pgf@shorten@start@additional=\dimen162
)
(/usr/share/texlive/texmf-dist/tex/generic/pgf/basiclayer/pgfcorescopes.code.te
x
File: pgfcorescopes.code.tex 2015/05/08  (rcs-revision 1.46)
\pgfpic=\box35
\pgf@hbox=\box36
\pgf@layerbox@main=\box37
\pgf@picture@serial@count=\count126
)
(/usr/share/texlive/texmf-dist/tex/generic/pgf/basiclayer/pgfcoregraphicstate.c
ode.tex
File: pgfcoregraphicstate.code.tex 2014/11/02  (rcs-revision 1.12)
\pgflinewidth=\dimen163
)
(/usr/share/texlive/texmf-dist/tex/generic/pgf/basiclayer/pgfcoretransformation
s.code.tex
File: pgfcoretransformations.code.tex 2015/08/07  (rcs-revision 1.20)
\pgf@pt@x=\dimen164
\pgf@pt@y=\dimen165
\pgf@pt@temp=\dimen166
)
(/usr/share/texlive/texmf-dist/tex/generic/pgf/basiclayer/pgfcorequick.code.tex
File: pgfcorequick.code.tex 2008/10/09  (rcs-revision 1.3)
)
(/usr/share/texlive/texmf-dist/tex/generic/pgf/basiclayer/pgfcoreobjects.code.t
ex
File: pgfcoreobjects.code.tex 2006/10/11  (rcs-revision 1.2)
)
(/usr/share/texlive/texmf-dist/tex/generic/pgf/basiclayer/pgfcorepathprocessing
.code.tex
File: pgfcorepathprocessing.code.tex 2013/09/09  (rcs-revision 1.9)
)
(/usr/share/texlive/texmf-dist/tex/generic/pgf/basiclayer/pgfcorearrows.code.te
x
File: pgfcorearrows.code.tex 2015/05/14  (rcs-revision 1.43)
\pgfarrowsep=\dimen167
)
(/usr/share/texlive/texmf-dist/tex/generic/pgf/basiclayer/pgfcoreshade.code.tex
File: pgfcoreshade.code.tex 2013/07/15  (rcs-revision 1.15)
\pgf@max=\dimen168
\pgf@sys@shading@range@num=\count127
)
(/usr/share/texlive/texmf-dist/tex/generic/pgf/basiclayer/pgfcoreimage.code.tex
File: pgfcoreimage.code.tex 2013/07/15  (rcs-revision 1.18)

(/usr/share/texlive/texmf-dist/tex/generic/pgf/basiclayer/pgfcoreexternal.code.
tex
File: pgfcoreexternal.code.tex 2014/07/09  (rcs-revision 1.21)
\pgfexternal@startupbox=\box38
))
(/usr/share/texlive/texmf-dist/tex/generic/pgf/basiclayer/pgfcorelayers.code.te
x
File: pgfcorelayers.code.tex 2013/07/18  (rcs-revision 1.7)
)
(/usr/share/texlive/texmf-dist/tex/generic/pgf/basiclayer/pgfcoretransparency.c
ode.tex
File: pgfcoretransparency.code.tex 2013/09/30  (rcs-revision 1.5)
)
(/usr/share/texlive/texmf-dist/tex/generic/pgf/basiclayer/pgfcorepatterns.code.
tex
File: pgfcorepatterns.code.tex 2013/11/07  (rcs-revision 1.5)
)))
(/usr/share/texlive/texmf-dist/tex/generic/pgf/modules/pgfmoduleshapes.code.tex
File: pgfmoduleshapes.code.tex 2014/03/21  (rcs-revision 1.35)
\pgfnodeparttextbox=\box39
) (/usr/share/texlive/texmf-dist/tex/generic/pgf/modules/pgfmoduleplot.code.tex
File: pgfmoduleplot.code.tex 2015/08/03  (rcs-revision 1.13)
)
(/usr/share/texlive/texmf-dist/tex/latex/pgf/compatibility/pgfcomp-version-0-65
.sty
Package: pgfcomp-version-0-65 2007/07/03 v3.0.1a (rcs-revision 1.7)
\pgf@nodesepstart=\dimen169
\pgf@nodesepend=\dimen170
)
(/usr/share/texlive/texmf-dist/tex/latex/pgf/compatibility/pgfcomp-version-1-18
.sty
Package: pgfcomp-version-1-18 2007/07/23 v3.0.1a (rcs-revision 1.1)
)) (/usr/share/texlive/texmf-dist/tex/latex/pgf/utilities/pgffor.sty
(/usr/share/texlive/texmf-dist/tex/latex/pgf/utilities/pgfkeys.sty
(/usr/share/texlive/texmf-dist/tex/generic/pgf/utilities/pgfkeys.code.tex))
(/usr/share/texlive/texmf-dist/tex/latex/pgf/math/pgfmath.sty
(/usr/share/texlive/texmf-dist/tex/generic/pgf/math/pgfmath.code.tex))
(/usr/share/texlive/texmf-dist/tex/generic/pgf/utilities/pgffor.code.tex
Package: pgffor 2013/12/13 v3.0.1a (rcs-revision 1.25)

(/usr/share/texlive/texmf-dist/tex/generic/pgf/math/pgfmath.code.tex)
\pgffor@iter=\dimen171
\pgffor@skip=\dimen172
\pgffor@stack=\toks36
\pgffor@toks=\toks37
))
(/usr/share/texlive/texmf-dist/tex/generic/pgf/frontendlayer/tikz/tikz.code.tex
Package: tikz 2015/08/07 v3.0.1a (rcs-revision 1.151)

(/usr/share/texlive/texmf-dist/tex/generic/pgf/libraries/pgflibraryplothandlers
.code.tex
File: pgflibraryplothandlers.code.tex 2013/08/31 v3.0.1a (rcs-revision 1.20)
\pgf@plot@mark@count=\count128
\pgfplotmarksize=\dimen173
)
\tikz@lastx=\dimen174
\tikz@lasty=\dimen175
\tikz@lastxsaved=\dimen176
\tikz@lastysaved=\dimen177
\tikzleveldistance=\dimen178
\tikzsiblingdistance=\dimen179
\tikz@figbox=\box40
\tikz@figbox@bg=\box41
\tikz@tempbox=\box42
\tikz@tempbox@bg=\box43
\tikztreelevel=\count129
\tikznumberofchildren=\count130
\tikznumberofcurrentchild=\count131
\tikz@fig@count=\count132

(/usr/share/texlive/texmf-dist/tex/generic/pgf/modules/pgfmodulematrix.code.tex
File: pgfmodulematrix.code.tex 2013/09/17  (rcs-revision 1.8)
\pgfmatrixcurrentrow=\count133
\pgfmatrixcurrentcolumn=\count134
\pgf@matrix@numberofcolumns=\count135
)
\tikz@expandcount=\count136

(/usr/share/texlive/texmf-dist/tex/generic/pgf/frontendlayer/tikz/libraries/tik
zlibrarytopaths.code.tex
File: tikzlibrarytopaths.code.tex 2008/06/17 v3.0.1a (rcs-revision 1.2)
)))
(/usr/share/texlive/texmf-dist/tex/latex/etoolbox/etoolbox.sty
Package: etoolbox 2015/08/02 v2.2a e-TeX tools for LaTeX (JAW)
\etb@tempcnta=\count137
)
(/usr/share/texlive/texmf-dist/tex/latex/subfig/subfig.sty
Package: subfig 2005/06/28 ver: 1.3 subfig package

(/usr/share/texlive/texmf-dist/tex/latex/caption/caption3.sty
Package: caption3 2016/02/04 v1.7-139 caption3 kernel (AR)
Package caption3 Info: TeX engine: e-TeX on input line 67.
\captionmargin=\dimen180
\captionmargin@=\dimen181
\captionwidth=\dimen182
\caption@tempdima=\dimen183
\caption@indent=\dimen184
\caption@parindent=\dimen185
\caption@hangindent=\dimen186
)
\c@KVtest=\count138
\sf@farskip=\skip54
\sf@captopadj=\dimen187
\sf@capskip=\skip55
\sf@nearskip=\skip56
\c@subfigure=\count139
\c@subfigure@save=\count140
\c@lofdepth=\count141
\c@subtable=\count142
\c@subtable@save=\count143
\c@lotdepth=\count144
\sf@top=\skip57
\sf@bottom=\skip58
) (./paper.aux)
\openout1 = `paper.aux'.

LaTeX Font Info:    Checking defaults for OML/cmm/m/it on input line 20.
LaTeX Font Info:    ... okay on input line 20.
LaTeX Font Info:    Checking defaults for T1/cmr/m/n on input line 20.
LaTeX Font Info:    ... okay on input line 20.
LaTeX Font Info:    Checking defaults for OT1/cmr/m/n on input line 20.
LaTeX Font Info:    ... okay on input line 20.
LaTeX Font Info:    Checking defaults for OMS/cmsy/m/n on input line 20.
LaTeX Font Info:    ... okay on input line 20.
LaTeX Font Info:    Checking defaults for OMX/cmex/m/n on input line 20.
LaTeX Font Info:    ... okay on input line 20.
LaTeX Font Info:    Checking defaults for U/cmr/m/n on input line 20.
LaTeX Font Info:    ... okay on input line 20.

(/usr/share/texlive/texmf-dist/tex/context/base/supp-pdf.mkii
[Loading MPS to PDF converter (version 2006.09.02).]
\scratchcounter=\count145
\scratchdimen=\dimen188
\scratchbox=\box44
\nofMPsegments=\count146
\nofMParguments=\count147
\everyMPshowfont=\toks38
\MPscratchCnt=\count148
\MPscratchDim=\dimen189
\MPnumerator=\count149
\makeMPintoPDFobject=\count150
\everyMPtoPDFconversion=\toks39
) (/usr/share/texlive/texmf-dist/tex/generic/oberdiek/pdftexcmds.sty
Package: pdftexcmds 2011/11/29 v0.20 Utility functions of pdfTeX for LuaTeX (HO
)

(/usr/share/texlive/texmf-dist/tex/generic/oberdiek/ifluatex.sty
Package: ifluatex 2010/03/01 v1.3 Provides the ifluatex switch (HO)
Package ifluatex Info: LuaTeX not detected.
)
(/usr/share/texlive/texmf-dist/tex/generic/oberdiek/ifpdf.sty
Package: ifpdf 2011/01/30 v2.3 Provides the ifpdf switch (HO)
Package ifpdf Info: pdfTeX in PDF mode is detected.
)
Package pdftexcmds Info: LuaTeX not detected.
Package pdftexcmds Info: \pdf@primitive is available.
Package pdftexcmds Info: \pdf@ifprimitive is available.
Package pdftexcmds Info: \pdfdraftmode found.
)
(/usr/share/texlive/texmf-dist/tex/latex/oberdiek/epstopdf-base.sty
Package: epstopdf-base 2010/02/09 v2.5 Base part for package epstopdf

(/usr/share/texlive/texmf-dist/tex/latex/oberdiek/grfext.sty
Package: grfext 2010/08/19 v1.1 Manage graphics extensions (HO)

(/usr/share/texlive/texmf-dist/tex/generic/oberdiek/kvdefinekeys.sty
Package: kvdefinekeys 2011/04/07 v1.3 Define keys (HO)
))
(/usr/share/texlive/texmf-dist/tex/latex/oberdiek/kvoptions.sty
Package: kvoptions 2011/06/30 v3.11 Key value format for package options (HO)

(/usr/share/texlive/texmf-dist/tex/generic/oberdiek/kvsetkeys.sty
Package: kvsetkeys 2012/04/25 v1.16 Key value parser (HO)

(/usr/share/texlive/texmf-dist/tex/generic/oberdiek/etexcmds.sty
Package: etexcmds 2011/02/16 v1.5 Avoid name clashes with e-TeX commands (HO)
Package etexcmds Info: Could not find \expanded.
(etexcmds)             That can mean that you are not using pdfTeX 1.50 or
(etexcmds)             that some package has redefined \expanded.
(etexcmds)             In the latter case, load this package earlier.
)))
Package grfext Info: Graphics extension search list:
(grfext)             [.png,.pdf,.jpg,.mps,.jpeg,.jbig2,.jb2,.PNG,.PDF,.JPG,.JPE
G,.JBIG2,.JB2,.eps]
(grfext)             \AppendGraphicsExtensions on input line 452.

(/usr/share/texlive/texmf-dist/tex/latex/latexconfig/epstopdf-sys.cfg
File: epstopdf-sys.cfg 2010/07/13 v1.3 Configuration of (r)epstopdf for TeX Liv
e
))
ABD: EveryShipout initializing macros
Package caption Info: Begin \AtBeginDocument code.
Package caption Info: subfig package v1.3 is loaded.
Package caption Info: End \AtBeginDocument code.

Underfull \hbox (badness 10000) in paragraph at lines 41--43

 []

LaTeX Font Info:    Try loading font information for U+msa on input line 59.
(/usr/share/texlive/texmf-dist/tex/latex/amsfonts/umsa.fd
File: umsa.fd 2013/01/14 v3.01 AMS symbols A
)
LaTeX Font Info:    Try loading font information for U+msb on input line 59.

(/usr/share/texlive/texmf-dist/tex/latex/amsfonts/umsb.fd
File: umsb.fd 2013/01/14 v3.01 AMS symbols B
)
Underfull \hbox (badness 10000) in paragraph at lines 62--71

 []

[1


{/var/lib/texmf/fonts/map/pdftex/updmap/pdftex.map}]
Underfull \hbox (badness 10000) in paragraph at lines 72--77

 []


Underfull \hbox (badness 10000) in paragraph at lines 78--85

 []


Underfull \hbox (badness 10000) in paragraph at lines 86--96

 []


Underfull \hbox (badness 10000) in paragraph at lines 97--105

 []

[2]
Underfull \hbox (badness 10000) in paragraph at lines 107--116

 []


Underfull \hbox (badness 10000) in paragraph at lines 117--128

 []


Underfull \hbox (badness 10000) in paragraph at lines 129--136

 []


Underfull \hbox (badness 10000) in paragraph at lines 137--142

 []

[3]
Underfull \hbox (badness 10000) in paragraph at lines 143--150

 []


Underfull \hbox (badness 10000) in paragraph at lines 156--162

 []


Underfull \hbox (badness 10000) in paragraph at lines 176--184

 []

[4]
Underfull \hbox (badness 10000) in paragraph at lines 193--198

 []


Underfull \hbox (badness 10000) in paragraph at lines 210--216

 []


Underfull \hbox (badness 10000) in paragraph at lines 227--229

 []

[5]
Underfull \hbox (badness 10000) in paragraph at lines 234--235

 []

[6]
Underfull \hbox (badness 10000) in paragraph at lines 278--279

 []

[7]
Underfull \hbox (badness 10000) in paragraph at lines 280--283

 []


Underfull \hbox (badness 10000) in paragraph at lines 284--285

 []


Underfull \hbox (badness 10000) in paragraph at lines 286--288

 []

Missing character: There is no ‚ in font cmr12!
Missing character: There is no Ä in font cmr12!
Missing character: There is no ô in font cmr12!
Missing character: There is no ‚ in font cmr12!
Missing character: There is no Ä in font cmr12!
Missing character: There is no ô in font cmr12!

Underfull \hbox (badness 10000) in paragraph at lines 289--290

 []

Package epstopdf Info: Source file: <./corridor.eps>
(epstopdf)                    date: 2018-12-21 10:44:31
(epstopdf)                    size: 26229 bytes
(epstopdf)             Output file: <./corridor-eps-converted-to.pdf>
(epstopdf)                    date: 2019-03-12 11:14:41
(epstopdf)                    size: 15048 bytes
(epstopdf)             Command: <repstopdf --outfile=./corridor-eps-converted-t
o.pdf ./corridor.eps>
(epstopdf)             \includegraphics on input line 297.
Package epstopdf Info: Output file is already uptodate.


pdfTeX warning: pdflatex (file ./corridor-eps-converted-to.pdf): PDF inclusion:
 found PDF version <1.7>, but at most version <1.5> allowed
<./corridor-eps-converted-to.pdf, id=40, 796.9775pt x 597.23125pt>
File: ./corridor-eps-converted-to.pdf Graphic file (type pdf)

<use ./corridor-eps-converted-to.pdf>
Package pdftex.def Info: ./corridor-eps-converted-to.pdf used on input line 297
.
(pdftex.def)             Requested size: 272.99881pt x 204.5778pt.

Underfull \hbox (badness 10000) in paragraph at lines 307--312

 []

[8]
Underfull \hbox (badness 10000) in paragraph at lines 313--324

 []

[9 <./corridor-eps-converted-to.pdf>]
Underfull \hbox (badness 10000) in paragraph at lines 325--337

 []


Underfull \hbox (badness 10000) in paragraph at lines 338--349

 []


Underfull \hbox (badness 10000) in paragraph at lines 350--359

 []


Overfull \hbox (7.86392pt too wide) in paragraph at lines 361--369
[]\OT1/cmr/m/n/12 Our in-ves-ti-ga-tion ap-pears some-what re-stricted to the (
al-most) uni-direction
 []


Underfull \hbox (badness 10000) in paragraph at lines 374--375

 []

[10]
Underfull \hbox (badness 10000) in paragraph at lines 376--377

 []


Underfull \hbox (badness 10000) in paragraph at lines 385--386

 []


Underfull \hbox (badness 10000) in paragraph at lines 387--388

 []

[11]
Underfull \hbox (badness 10000) in paragraph at lines 395--396

 []


Underfull \hbox (badness 10000) in paragraph at lines 397--398

 []

Package epstopdf Info: Source file: <./flow-density_vd1_multiple_widths.eps>
(epstopdf)                    date: 2018-12-21 10:44:31
(epstopdf)                    size: 255394 bytes
(epstopdf)             Output file: <./flow-density_vd1_multiple_widths-eps-con
verted-to.pdf>
(epstopdf)                    date: 2019-03-12 11:14:42
(epstopdf)                    size: 22032 bytes
(epstopdf)             Command: <repstopdf --outfile=./flow-density_vd1_multipl
e_widths-eps-converted-to.pdf ./flow-density_vd1_multiple_widths.eps>
(epstopdf)             \includegraphics on input line 402.
Package epstopdf Info: Output file is already uptodate.


pdfTeX warning: pdflatex (file ./flow-density_vd1_multiple_widths-eps-converted
-to.pdf): PDF inclusion: found PDF version <1.7>, but at most version <1.5> all
owed

<./flow-density_vd1_multiple_widths-eps-converted-to.pdf, id=57, 208.78pt x 147
.55125pt>
File: ./flow-density_vd1_multiple_widths-eps-converted-to.pdf Graphic file (typ
e pdf)
 <use ./flow-density_vd1_multiple_widths-eps-converted-to.pdf>
Package pdftex.def Info: ./flow-density_vd1_multiple_widths-eps-converted-to.pd
f used on input line 402.
(pdftex.def)             Requested size: 272.99881pt x 192.96257pt.

Underfull \hbox (badness 10000) in paragraph at lines 409--410

 []


Underfull \hbox (badness 10000) in paragraph at lines 411--412

 []

Package epstopdf Info: Source file: <./speed-density_vd1_multiple_widths.eps>
(epstopdf)                    date: 2018-12-21 10:44:31
(epstopdf)                    size: 253912 bytes
(epstopdf)             Output file: <./speed-density_vd1_multiple_widths-eps-co
nverted-to.pdf>
(epstopdf)                    date: 2019-03-12 11:14:43
(epstopdf)                    size: 21532 bytes
(epstopdf)             Command: <repstopdf --outfile=./speed-density_vd1_multip
le_widths-eps-converted-to.pdf ./speed-density_vd1_multiple_widths.eps>
(epstopdf)             \includegraphics on input line 416.
Package epstopdf Info: Output file is already uptodate.


pdfTeX warning: pdflatex (file ./speed-density_vd1_multiple_widths-eps-converte
d-to.pdf): PDF inclusion: found PDF version <1.7>, but at most version <1.5> al
lowed

<./speed-density_vd1_multiple_widths-eps-converted-to.pdf, id=58, 215.80624pt x
 151.56625pt>
File: ./speed-density_vd1_multiple_widths-eps-converted-to.pdf Graphic file (ty
pe pdf)
 <use ./speed-density_vd1_multiple_widths-eps-converted-to.pdf>
Package pdftex.def Info: ./speed-density_vd1_multiple_widths-eps-converted-to.p
df used on input line 416.
(pdftex.def)             Requested size: 272.99881pt x 191.75386pt.

[12] [13 <./flow-density_vd1_multiple_widths-eps-converted-to.pdf> <./speed-den
sity_vd1_multiple_widths-eps-converted-to.pdf>]
Underfull \hbox (badness 10000) in paragraph at lines 427--428

 []


Underfull \hbox (badness 10000) in paragraph at lines 429--430

 []

Package epstopdf Info: Source file: <./v_y_width22_k24.eps>
(epstopdf)                    date: 2018-12-21 10:44:31
(epstopdf)                    size: 238572 bytes
(epstopdf)             Output file: <./v_y_width22_k24-eps-converted-to.pdf>
(epstopdf)                    date: 2019-03-12 11:14:44
(epstopdf)                    size: 18140 bytes
(epstopdf)             Command: <repstopdf --outfile=./v_y_width22_k24-eps-conv
erted-to.pdf ./v_y_width22_k24.eps>
(epstopdf)             \includegraphics on input line 434.
Package epstopdf Info: Output file is already uptodate.


pdfTeX warning: pdflatex (file ./v_y_width22_k24-eps-converted-to.pdf): PDF inc
lusion: found PDF version <1.7>, but at most version <1.5> allowed
<./v_y_width22_k24-eps-converted-to.pdf, id=109, 215.80624pt x 147.55125pt>
File: ./v_y_width22_k24-eps-converted-to.pdf Graphic file (type pdf)

<use ./v_y_width22_k24-eps-converted-to.pdf>
Package pdftex.def Info: ./v_y_width22_k24-eps-converted-to.pdf used on input l
ine 434.
(pdftex.def)             Requested size: 272.99881pt x 186.67427pt.

Underfull \hbox (badness 10000) in paragraph at lines 438--439

 []

Package epstopdf Info: Source file: <./v_y_multi_width.eps>
(epstopdf)                    date: 2018-12-21 10:44:31
(epstopdf)                    size: 223416 bytes
(epstopdf)             Output file: <./v_y_multi_width-eps-converted-to.pdf>
(epstopdf)                    date: 2019-03-12 11:14:45
(epstopdf)                    size: 14863 bytes
(epstopdf)             Command: <repstopdf --outfile=./v_y_multi_width-eps-conv
erted-to.pdf ./v_y_multi_width.eps>
(epstopdf)             \includegraphics on input line 444.
Package epstopdf Info: Output file is already uptodate.


pdfTeX warning: pdflatex (file ./v_y_multi_width-eps-converted-to.pdf): PDF inc
lusion: found PDF version <1.7>, but at most version <1.5> allowed
<./v_y_multi_width-eps-converted-to.pdf, id=110, 216.81pt x 147.55125pt>
File: ./v_y_multi_width-eps-converted-to.pdf Graphic file (type pdf)

<use ./v_y_multi_width-eps-converted-to.pdf>
Package pdftex.def Info: ./v_y_multi_width-eps-converted-to.pdf used on input l
ine 444.
(pdftex.def)             Requested size: 272.99881pt x 185.81422pt.

Underfull \hbox (badness 10000) in paragraph at lines 449--450

 []

[14] [15 <./v_y_width22_k24-eps-converted-to.pdf> <./v_y_multi_width-eps-conver
ted-to.pdf>]
Package epstopdf Info: Source file: <./v_y_multi_width_normaliz.eps>
(epstopdf)                    date: 2018-12-21 10:44:31
(epstopdf)                    size: 221248 bytes
(epstopdf)             Output file: <./v_y_multi_width_normaliz-eps-converted-t
o.pdf>
(epstopdf)                    date: 2019-03-12 11:14:46
(epstopdf)                    size: 15564 bytes
(epstopdf)             Command: <repstopdf --outfile=./v_y_multi_width_normaliz
-eps-converted-to.pdf ./v_y_multi_width_normaliz.eps>
(epstopdf)             \includegraphics on input line 454.
Package epstopdf Info: Output file is already uptodate.


pdfTeX warning: pdflatex (file ./v_y_multi_width_normaliz-eps-converted-to.pdf)
: PDF inclusion: found PDF version <1.7>, but at most version <1.5> allowed

<./v_y_multi_width_normaliz-eps-converted-to.pdf, id=145, 217.81375pt x 147.551
25pt>
File: ./v_y_multi_width_normaliz-eps-converted-to.pdf Graphic file (type pdf)
 <use ./v_y_multi_width_normaliz-eps-converted-to.pdf>
Package pdftex.def Info: ./v_y_multi_width_normaliz-eps-converted-to.pdf used o
n input line 454.
(pdftex.def)             Requested size: 272.99881pt x 184.9339pt.

Underfull \hbox (badness 10000) in paragraph at lines 458--459

 []

[16 <./v_y_multi_width_normaliz-eps-converted-to.pdf>]
Underfull \hbox (badness 10000) in paragraph at lines 473--474

 []


Underfull \hbox (badness 10000) in paragraph at lines 475--476

 []


Underfull \hbox (badness 10000) in paragraph at lines 477--478

 []

[17]
Package epstopdf Info: Source file: <./abswg_width10.eps>
(epstopdf)                    date: 2018-12-21 10:44:31
(epstopdf)                    size: 321988 bytes
(epstopdf)             Output file: <./abswg_width10-eps-converted-to.pdf>
(epstopdf)                    date: 2019-03-12 11:14:47
(epstopdf)                    size: 36070 bytes
(epstopdf)             Command: <repstopdf --outfile=./abswg_width10-eps-conver
ted-to.pdf ./abswg_width10.eps>
(epstopdf)             \includegraphics on input line 481.
Package epstopdf Info: Output file is already uptodate.


pdfTeX warning: pdflatex (file ./abswg_width10-eps-converted-to.pdf): PDF inclu
sion: found PDF version <1.7>, but at most version <1.5> allowed
<./abswg_width10-eps-converted-to.pdf, id=164, 220.825pt x 161.60374pt>
File: ./abswg_width10-eps-converted-to.pdf Graphic file (type pdf)

<use ./abswg_width10-eps-converted-to.pdf>
Package pdftex.def Info: ./abswg_width10-eps-converted-to.pdf used on input lin
e 481.
(pdftex.def)             Requested size: 195.0pt x 142.70984pt.
Package epstopdf Info: Source file: <./abswg_width15.eps>
(epstopdf)                    date: 2018-12-21 10:44:31
(epstopdf)                    size: 415664 bytes
(epstopdf)             Output file: <./abswg_width15-eps-converted-to.pdf>
(epstopdf)                    date: 2019-03-12 11:14:48
(epstopdf)                    size: 56549 bytes
(epstopdf)             Command: <repstopdf --outfile=./abswg_width15-eps-conver
ted-to.pdf ./abswg_width15.eps>
(epstopdf)             \includegraphics on input line 482.
Package epstopdf Info: Output file is already uptodate.


pdfTeX warning: pdflatex (file ./abswg_width15-eps-converted-to.pdf): PDF inclu
sion: found PDF version <1.7>, but at most version <1.5> allowed
<./abswg_width15-eps-converted-to.pdf, id=165, 220.825pt x 161.60374pt>
File: ./abswg_width15-eps-converted-to.pdf Graphic file (type pdf)

<use ./abswg_width15-eps-converted-to.pdf>
Package pdftex.def Info: ./abswg_width15-eps-converted-to.pdf used on input lin
e 482.
(pdftex.def)             Requested size: 195.0pt x 142.70984pt.
Package epstopdf Info: Source file: <./abswg_width22.eps>
(epstopdf)                    date: 2018-12-21 10:44:31
(epstopdf)                    size: 559603 bytes
(epstopdf)             Output file: <./abswg_width22-eps-converted-to.pdf>
(epstopdf)                    date: 2019-03-12 11:14:49
(epstopdf)                    size: 87812 bytes
(epstopdf)             Command: <repstopdf --outfile=./abswg_width22-eps-conver
ted-to.pdf ./abswg_width22.eps>
(epstopdf)             \includegraphics on input line 483.
Package epstopdf Info: Output file is already uptodate.


pdfTeX warning: pdflatex (file ./abswg_width22-eps-converted-to.pdf): PDF inclu
sion: found PDF version <1.7>, but at most version <1.5> allowed
<./abswg_width22-eps-converted-to.pdf, id=166, 220.825pt x 159.59625pt>
File: ./abswg_width22-eps-converted-to.pdf Graphic file (type pdf)

<use ./abswg_width22-eps-converted-to.pdf>
Package pdftex.def Info: ./abswg_width22-eps-converted-to.pdf used on input lin
e 483.
(pdftex.def)             Requested size: 195.0pt x 140.93703pt.


LaTeX Warning: Float too large for page by 27.74559pt on input line 486.


Underfull \hbox (badness 10000) in paragraph at lines 492--493

 []


Underfull \hbox (badness 10000) in paragraph at lines 494--495

 []


Underfull \hbox (badness 10000) in paragraph at lines 496--497

 []


Underfull \hbox (badness 10000) in paragraph at lines 498--499

 []

[18] [19 <./abswg_width10-eps-converted-to.pdf> <./abswg_width15-eps-converted-
to.pdf> <./abswg_width22-eps-converted-to.pdf>]
Underfull \hbox (badness 10000) in paragraph at lines 500--501

 []


Underfull \hbox (badness 10000) in paragraph at lines 502--503

 []


Underfull \hbox (badness 10000) in paragraph at lines 504--505

 []


Underfull \hbox (badness 10000) in paragraph at lines 506--507

 []

[20]
Underfull \hbox (badness 10000) in paragraph at lines 508--509

 []


Underfull \hbox (badness 10000) in paragraph at lines 510--512

 []

Package epstopdf Info: Source file: <./flow-density_pasillo22m_fgmodified_multi
.eps>
(epstopdf)                    date: 2018-12-21 10:44:31
(epstopdf)                    size: 223853 bytes
(epstopdf)             Output file: <./flow-density_pasillo22m_fgmodified_multi
-eps-converted-to.pdf>
(epstopdf)                    date: 2019-03-12 11:14:50
(epstopdf)                    size: 17063 bytes
(epstopdf)             Command: <repstopdf --outfile=./flow-density_pasillo22m_
fgmodified_multi-eps-converted-to.pdf ./flow-density_pasillo22m_fgmodified_mult
i.eps>
(epstopdf)             \includegraphics on input line 517.
Package epstopdf Info: Output file is already uptodate.


pdfTeX warning: pdflatex (file ./flow-density_pasillo22m_fgmodified_multi-eps-c
onverted-to.pdf): PDF inclusion: found PDF version <1.7>, but at most version <
1.5> allowed

<./flow-density_pasillo22m_fgmodified_multi-eps-converted-to.pdf, id=222, 204.7
65pt x 151.56625pt>
File: ./flow-density_pasillo22m_fgmodified_multi-eps-converted-to.pdf Graphic f
ile (type pdf)

<use ./flow-density_pasillo22m_fgmodified_multi-eps-converted-to.pdf>
Package pdftex.def Info: ./flow-density_pasillo22m_fgmodified_multi-eps-convert
ed-to.pdf used on input line 517.
(pdftex.def)             Requested size: 272.99881pt x 202.08473pt.

Underfull \hbox (badness 10000) in paragraph at lines 521--522

 []

Missing character: There is no ‚ in font cmr12!
Missing character: There is no Ä in font cmr12!
Missing character: There is no ú in font cmr12!
Missing character: There is no ‚ in font cmr12!
Missing character: There is no Ä in font cmr12!
Missing character: There is no ù in font cmr12!

Underfull \hbox (badness 10000) in paragraph at lines 525--532

 []

[21]
Underfull \hbox (badness 10000) in paragraph at lines 533--538

 []


Underfull \hbox (badness 10000) in paragraph at lines 539--545

 []

[22 <./flow-density_pasillo22m_fgmodified_multi-eps-converted-to.pdf>]
Package epstopdf Info: Source file: <./size_distribution_w22_density4_5.eps>
(epstopdf)                    date: 2018-12-21 10:44:31
(epstopdf)                    size: 212618 bytes
(epstopdf)             Output file: <./size_distribution_w22_density4_5-eps-con
verted-to.pdf>
(epstopdf)                    date: 2019-03-12 11:14:50
(epstopdf)                    size: 12677 bytes
(epstopdf)             Command: <repstopdf --outfile=./size_distribution_w22_de
nsity4_5-eps-converted-to.pdf ./size_distribution_w22_density4_5.eps>
(epstopdf)             \includegraphics on input line 548.
Package epstopdf Info: Output file is already uptodate.


pdfTeX warning: pdflatex (file ./size_distribution_w22_density4_5-eps-converted
-to.pdf): PDF inclusion: found PDF version <1.7>, but at most version <1.5> all
owed

<./size_distribution_w22_density4_5-eps-converted-to.pdf, id=247, 241.90375pt x
 176.66pt>
File: ./size_distribution_w22_density4_5-eps-converted-to.pdf Graphic file (typ
e pdf)
 <use ./size_distribution_w22_density4_5-eps-converted-to.pdf>
Package pdftex.def Info: ./size_distribution_w22_density4_5-eps-converted-to.pd
f used on input line 548.
(pdftex.def)             Requested size: 155.99762pt x 113.92729pt.
Package epstopdf Info: Source file: <./size_distribution_w22_density4_5_kx10.ep
s>
(epstopdf)                    date: 2018-12-21 10:44:31
(epstopdf)                    size: 220883 bytes
(epstopdf)             Output file: <./size_distribution_w22_density4_5_kx10-ep
s-converted-to.pdf>
(epstopdf)                    date: 2019-03-12 11:14:51
(epstopdf)                    size: 13405 bytes
(epstopdf)             Command: <repstopdf --outfile=./size_distribution_w22_de
nsity4_5_kx10-eps-converted-to.pdf ./size_distribution_w22_density4_5_kx10.eps>

(epstopdf)             \includegraphics on input line 549.
Package epstopdf Info: Output file is already uptodate.


pdfTeX warning: pdflatex (file ./size_distribution_w22_density4_5_kx10-eps-conv
erted-to.pdf): PDF inclusion: found PDF version <1.7>, but at most version <1.5
> allowed

<./size_distribution_w22_density4_5_kx10-eps-converted-to.pdf, id=248, 241.9037
5pt x 176.66pt>
File: ./size_distribution_w22_density4_5_kx10-eps-converted-to.pdf Graphic file
 (type pdf)

<use ./size_distribution_w22_density4_5_kx10-eps-converted-to.pdf>
Package pdftex.def Info: ./size_distribution_w22_density4_5_kx10-eps-converted-
to.pdf used on input line 549.
(pdftex.def)             Requested size: 155.99762pt x 113.92729pt.
Package epstopdf Info: Source file: <./size_distribution_w22_density5.eps>
(epstopdf)                    date: 2018-12-21 10:44:31
(epstopdf)                    size: 213116 bytes
(epstopdf)             Output file: <./size_distribution_w22_density5-eps-conve
rted-to.pdf>
(epstopdf)                    date: 2019-03-12 11:14:52
(epstopdf)                    size: 12680 bytes
(epstopdf)             Command: <repstopdf --outfile=./size_distribution_w22_de
nsity5-eps-converted-to.pdf ./size_distribution_w22_density5.eps>
(epstopdf)             \includegraphics on input line 550.
Package epstopdf Info: Output file is already uptodate.


pdfTeX warning: pdflatex (file ./size_distribution_w22_density5-eps-converted-t
o.pdf): PDF inclusion: found PDF version <1.7>, but at most version <1.5> allow
ed

<./size_distribution_w22_density5-eps-converted-to.pdf, id=249, 248.93pt x 176.
66pt>
File: ./size_distribution_w22_density5-eps-converted-to.pdf Graphic file (type 
pdf)
 <use ./size_distribution_w22_density5-eps-converted-to.pdf>
Package pdftex.def Info: ./size_distribution_w22_density5-eps-converted-to.pdf 
used on input line 550.
(pdftex.def)             Requested size: 155.99762pt x 110.70874pt.
Package epstopdf Info: Source file: <./size_distribution_w22_density5_kx10.eps>

(epstopdf)                    date: 2018-12-21 10:44:31
(epstopdf)                    size: 212177 bytes
(epstopdf)             Output file: <./size_distribution_w22_density5_kx10-eps-
converted-to.pdf>
(epstopdf)                    date: 2019-03-12 11:14:53
(epstopdf)                    size: 12511 bytes
(epstopdf)             Command: <repstopdf --outfile=./size_distribution_w22_de
nsity5_kx10-eps-converted-to.pdf ./size_distribution_w22_density5_kx10.eps>
(epstopdf)             \includegraphics on input line 551.
Package epstopdf Info: Output file is already uptodate.


pdfTeX warning: pdflatex (file ./size_distribution_w22_density5_kx10-eps-conver
ted-to.pdf): PDF inclusion: found PDF version <1.7>, but at most version <1.5> 
allowed

<./size_distribution_w22_density5_kx10-eps-converted-to.pdf, id=250, 248.93pt x
 176.66pt>
File: ./size_distribution_w22_density5_kx10-eps-converted-to.pdf Graphic file (
type pdf)
 <use ./size_distribution_w22_density5_kx10-eps-converted-to.pdf>
Package pdftex.def Info: ./size_distribution_w22_density5_kx10-eps-converted-to
.pdf used on input line 551.
(pdftex.def)             Requested size: 155.99762pt x 110.70874pt.
Package epstopdf Info: Source file: <./size_distribution_w22_density5_5.eps>
(epstopdf)                    date: 2018-12-21 10:44:31
(epstopdf)                    size: 212432 bytes
(epstopdf)             Output file: <./size_distribution_w22_density5_5-eps-con
verted-to.pdf>
(epstopdf)                    date: 2019-03-12 11:14:54
(epstopdf)                    size: 12522 bytes
(epstopdf)             Command: <repstopdf --outfile=./size_distribution_w22_de
nsity5_5-eps-converted-to.pdf ./size_distribution_w22_density5_5.eps>
(epstopdf)             \includegraphics on input line 552.
Package epstopdf Info: Output file is already uptodate.


pdfTeX warning: pdflatex (file ./size_distribution_w22_density5_5-eps-converted
-to.pdf): PDF inclusion: found PDF version <1.7>, but at most version <1.5> all
owed

<./size_distribution_w22_density5_5-eps-converted-to.pdf, id=251, 233.87375pt x
 176.66pt>
File: ./size_distribution_w22_density5_5-eps-converted-to.pdf Graphic file (typ
e pdf)
 <use ./size_distribution_w22_density5_5-eps-converted-to.pdf>
Package pdftex.def Info: ./size_distribution_w22_density5_5-eps-converted-to.pd
f used on input line 552.
(pdftex.def)             Requested size: 155.99762pt x 117.84132pt.
Package epstopdf Info: Source file: <./size_distribution_w22_density5_5_kx10.ep
s>
(epstopdf)                    date: 2018-12-21 10:44:31
(epstopdf)                    size: 211738 bytes
(epstopdf)             Output file: <./size_distribution_w22_density5_5_kx10-ep
s-converted-to.pdf>
(epstopdf)                    date: 2019-03-12 11:14:55
(epstopdf)                    size: 12435 bytes
(epstopdf)             Command: <repstopdf --outfile=./size_distribution_w22_de
nsity5_5_kx10-eps-converted-to.pdf ./size_distribution_w22_density5_5_kx10.eps>

(epstopdf)             \includegraphics on input line 553.
Package epstopdf Info: Output file is already uptodate.


pdfTeX warning: pdflatex (file ./size_distribution_w22_density5_5_kx10-eps-conv
erted-to.pdf): PDF inclusion: found PDF version <1.7>, but at most version <1.5
> allowed

<./size_distribution_w22_density5_5_kx10-eps-converted-to.pdf, id=252, 233.8737
5pt x 176.66pt>
File: ./size_distribution_w22_density5_5_kx10-eps-converted-to.pdf Graphic file
 (type pdf)

<use ./size_distribution_w22_density5_5_kx10-eps-converted-to.pdf>
Package pdftex.def Info: ./size_distribution_w22_density5_5_kx10-eps-converted-
to.pdf used on input line 553.
(pdftex.def)             Requested size: 155.99762pt x 117.84132pt.

Underfull \hbox (badness 10000) in paragraph at lines 558--560

 []


Underfull \hbox (badness 10000) in paragraph at lines 561--563

 []

Package epstopdf Info: Source file: <./fracc_clusteriz_vs_density.eps>
(epstopdf)                    date: 2018-12-21 10:44:31
(epstopdf)                    size: 246670 bytes
(epstopdf)             Output file: <./fracc_clusteriz_vs_density-eps-converted
-to.pdf>
(epstopdf)                    date: 2019-03-12 11:14:55
(epstopdf)                    size: 21629 bytes
(epstopdf)             Command: <repstopdf --outfile=./fracc_clusteriz_vs_densi
ty-eps-converted-to.pdf ./fracc_clusteriz_vs_density.eps>
(epstopdf)             \includegraphics on input line 568.
Package epstopdf Info: Output file is already uptodate.


pdfTeX warning: pdflatex (file ./fracc_clusteriz_vs_density-eps-converted-to.pd
f): PDF inclusion: found PDF version <1.7>, but at most version <1.5> allowed

<./fracc_clusteriz_vs_density-eps-converted-to.pdf, id=253, 210.7875pt x 149.55
875pt>
File: ./fracc_clusteriz_vs_density-eps-converted-to.pdf Graphic file (type pdf)

 <use ./fracc_clusteriz_vs_density-eps-converted-to.pdf>
Package pdftex.def Info: ./fracc_clusteriz_vs_density-eps-converted-to.pdf used
 on input line 568.
(pdftex.def)             Requested size: 272.99881pt x 193.70293pt.

Underfull \hbox (badness 10000) in paragraph at lines 572--582

 []


Underfull \hbox (badness 10000) in paragraph at lines 585--600

 []

[23] [24 <./size_distribution_w22_density4_5-eps-converted-to.pdf> <./size_dist
ribution_w22_density4_5_kx10-eps-converted-to.pdf> <./size_distribution_w22_den
sity5-eps-converted-to.pdf> <./size_distribution_w22_density5_kx10-eps-converte
d-to.pdf> <./size_distribution_w22_density5_5-eps-converted-to.pdf> <./size_dis
tribution_w22_density5_5_kx10-eps-converted-to.pdf>] [25 <./fracc_clusteriz_vs_
density-eps-converted-to.pdf>]
Underfull \hbox (badness 10000) in paragraph at lines 601--609

 []


Underfull \hbox (badness 10000) in paragraph at lines 610--620

 []


Underfull \hbox (badness 10000) in paragraph at lines 621--626

 []


Underfull \hbox (badness 10000) in paragraph at lines 627--633

 []

[26]
Overfull \hbox (0.77048pt too wide) in paragraph at lines 635--641
\OT1/cmr/m/n/12 a dif-fer-ent co-ef-fi-cient than the pedestrian-pedestrian fri
c-tion in-ter-ac-tion. This
 []


Underfull \hbox (badness 10000) in paragraph at lines 635--641

 []


Underfull \hbox (badness 10000) in paragraph at lines 675--678

 []

[27]
Underfull \hbox (badness 10000) in paragraph at lines 693--695

 []


Underfull \hbox (badness 10000) in paragraph at lines 696--700

 []


Underfull \hbox (badness 10000) in paragraph at lines 701--707

 []


Underfull \hbox (badness 10000) in paragraph at lines 708--715

 []

Package epstopdf Info: Source file: <./pasillo.eps>
(epstopdf)                    date: 2018-12-21 10:44:31
(epstopdf)                    size: 15746 bytes
(epstopdf)             Output file: <./pasillo-eps-converted-to.pdf>
(epstopdf)                    date: 2019-03-12 11:14:56
(epstopdf)                    size: 10945 bytes
(epstopdf)             Command: <repstopdf --outfile=./pasillo-eps-converted-to
.pdf ./pasillo.eps>
(epstopdf)             \includegraphics on input line 732.
Package epstopdf Info: Output file is already uptodate.


pdfTeX warning: pdflatex (file ./pasillo-eps-converted-to.pdf): PDF inclusion: 
found PDF version <1.7>, but at most version <1.5> allowed
<./pasillo-eps-converted-to.pdf, id=366, 466.74374pt x 230.8625pt>
File: ./pasillo-eps-converted-to.pdf Graphic file (type pdf)

<use ./pasillo-eps-converted-to.pdf>
Package pdftex.def Info: ./pasillo-eps-converted-to.pdf used on input line 732.

(pdftex.def)             Requested size: 272.99881pt x 135.03815pt.
 [28]
Underfull \hbox (badness 10000) in paragraph at lines 745--754

 []


Underfull \hbox (badness 10000) in paragraph at lines 768--770

 []


Overfull \hbox (0.87512pt too wide) in paragraph at lines 771--775
[]\OT1/cmr/m/n/12 The sta-tion-ary sit-u-a-tion can be com-puted straight for-w
ard from Eq. (B.1[]).
 []

[29 <./pasillo-eps-converted-to.pdf>]
Underfull \hbox (badness 10000) in paragraph at lines 784--789

 []


Underfull \hbox (badness 10000) in paragraph at lines 790--796

 []

Package epstopdf Info: Source file: <./fig_velocity_model.eps>
(epstopdf)                    date: 2018-12-21 10:44:31
(epstopdf)                    size: 199744 bytes
(epstopdf)             Output file: <./fig_velocity_model-eps-converted-to.pdf>

(epstopdf)                    date: 2019-03-12 11:14:57
(epstopdf)                    size: 12723 bytes
(epstopdf)             Command: <repstopdf --outfile=./fig_velocity_model-eps-c
onverted-to.pdf ./fig_velocity_model.eps>
(epstopdf)             \includegraphics on input line 801.
Package epstopdf Info: Output file is already uptodate.


pdfTeX warning: pdflatex (file ./fig_velocity_model-eps-converted-to.pdf): PDF 
inclusion: found PDF version <1.7>, but at most version <1.5> allowed
<./fig_velocity_model-eps-converted-to.pdf, id=376, 217.81375pt x 146.5475pt>
File: ./fig_velocity_model-eps-converted-to.pdf Graphic file (type pdf)

<use ./fig_velocity_model-eps-converted-to.pdf>
Package pdftex.def Info: ./fig_velocity_model-eps-converted-to.pdf used on inpu
t line 801.
(pdftex.def)             Requested size: 272.99881pt x 183.67584pt.

Underfull \hbox (badness 10000) in paragraph at lines 807--812

 []

[30 <./fig_velocity_model-eps-converted-to.pdf>]
Underfull \hbox (badness 10000) in paragraph at lines 825--831

 []

Package epstopdf Info: Source file: <./fig_flux_model.eps>
(epstopdf)                    date: 2018-12-21 10:44:31
(epstopdf)                    size: 189926 bytes
(epstopdf)             Output file: <./fig_flux_model-eps-converted-to.pdf>
(epstopdf)                    date: 2019-03-12 11:14:57
(epstopdf)                    size: 9905 bytes
(epstopdf)             Command: <repstopdf --outfile=./fig_flux_model-eps-conve
rted-to.pdf ./fig_flux_model.eps>
(epstopdf)             \includegraphics on input line 836.
Package epstopdf Info: Output file is already uptodate.


pdfTeX warning: pdflatex (file ./fig_flux_model-eps-converted-to.pdf): PDF incl
usion: found PDF version <1.7>, but at most version <1.5> allowed
<./fig_flux_model-eps-converted-to.pdf, id=398, 207.77625pt x 150.5625pt>
File: ./fig_flux_model-eps-converted-to.pdf Graphic file (type pdf)

<use ./fig_flux_model-eps-converted-to.pdf>
Package pdftex.def Info: ./fig_flux_model-eps-converted-to.pdf used on input li
ne 836.
(pdftex.def)             Requested size: 272.99881pt x 197.84941pt.

Overfull \hbox (8.87231pt too wide) in paragraph at lines 847--853
[]\OT1/cmr/m/n/12 The pedes-trian flux $\OML/cmm/m/it/12 J$ \OT1/cmr/m/n/12 at-
tains two pos-si-ble be-hav-iors, ac-cord-ing to Fig. B.13[].
 []

[31 <./fig_flux_model-eps-converted-to.pdf>]
Underfull \hbox (badness 10000) in paragraph at lines 858--859

 []


Underfull \hbox (badness 10000) in paragraph at lines 860--861

 []


Underfull \hbox (badness 10000) in paragraph at lines 862--863

 []

Package epstopdf Info: Source file: <./fis_kx10.eps>
(epstopdf)                    date: 2018-12-21 10:44:31
(epstopdf)                    size: 239172 bytes
(epstopdf)             Output file: <./fis_kx10-eps-converted-to.pdf>
(epstopdf)                    date: 2019-03-12 11:14:58
(epstopdf)                    size: 19442 bytes
(epstopdf)             Command: <repstopdf --outfile=./fis_kx10-eps-converted-t
o.pdf ./fis_kx10.eps>
(epstopdf)             \includegraphics on input line 867.
Package epstopdf Info: Output file is already uptodate.


pdfTeX warning: pdflatex (file ./fis_kx10-eps-converted-to.pdf): PDF inclusion:
 found PDF version <1.7>, but at most version <1.5> allowed
<./fis_kx10-eps-converted-to.pdf, id=415, 214.8025pt x 150.5625pt>
File: ./fis_kx10-eps-converted-to.pdf Graphic file (type pdf)

<use ./fis_kx10-eps-converted-to.pdf>
Package pdftex.def Info: ./fis_kx10-eps-converted-to.pdf used on input line 867
.
(pdftex.def)             Requested size: 272.99881pt x 191.37074pt.
Missing character: There is no ‚ in font cmr10!
Missing character: There is no Ä in font cmr10!
Missing character: There is no ô in font cmr10!
Missing character: There is no ‚ in font cmr10!
Missing character: There is no Ä in font cmr10!
Missing character: There is no ô in font cmr10!
 [32] [33 <./fis_kx10-eps-converted-to.pdf>]
Package epstopdf Info: Source file: <./fis_cociente.eps>
(epstopdf)                    date: 2018-12-21 10:44:31
(epstopdf)                    size: 206631 bytes
(epstopdf)             Output file: <./fis_cociente-eps-converted-to.pdf>
(epstopdf)                    date: 2019-03-12 11:14:59
(epstopdf)                    size: 12157 bytes
(epstopdf)             Command: <repstopdf --outfile=./fis_cociente-eps-convert
ed-to.pdf ./fis_cociente.eps>
(epstopdf)             \includegraphics on input line 876.
Package epstopdf Info: Output file is already uptodate.


pdfTeX warning: pdflatex (file ./fis_cociente-eps-converted-to.pdf): PDF inclus
ion: found PDF version <1.7>, but at most version <1.5> allowed
<./fis_cociente-eps-converted-to.pdf, id=439, 211.79124pt x 150.5625pt>
File: ./fis_cociente-eps-converted-to.pdf Graphic file (type pdf)

<use ./fis_cociente-eps-converted-to.pdf>
Package pdftex.def Info: ./fis_cociente-eps-converted-to.pdf used on input line
 876.
(pdftex.def)             Requested size: 272.99881pt x 194.08168pt.
Missing character: There is no √ in font cmr12!
Missing character: There is no © in font cmr12!

Underfull \hbox (badness 2020) in paragraph at lines 924--925
[]\OT1/cmr/m/n/12 Helbing, Dirk, Ills Farkas, and Tamas Vic-sek. "Sim-u-lat-ing
 dy-
 []

[34 <./fis_cociente-eps-converted-to.pdf>]
Underfull \hbox (badness 10000) in paragraph at lines 927--928
[]\OT1/cmr/m/n/12 Helbing, Dirk, and Pe-ter Mol-nar. "So-cial force model for
 []


Underfull \hbox (badness 5475) in paragraph at lines 927--928
\OT1/cmr/m/n/12 pedes-trian dy-nam-ics." Phys-i-cal re-view E 51.5 (1995): 4282
.
 []


Underfull \hbox (badness 2990) in paragraph at lines 933--934
\OT1/cmr/m/n/12 tis-ti-cal Me-chan-ics and its Ap-pli-ca-tions 385.1 (2007): 34
3-355.
 []


Underfull \hbox (badness 4995) in paragraph at lines 936--937
[]\OT1/cmr/m/n/12 Frank, Guillermo Al-berto, and Clau-dio Os-car Dorso. "Room
 []


Underfull \hbox (badness 2253) in paragraph at lines 936--937
\OT1/cmr/m/n/12 evac-u-a-tion in the pres-ence of an ob-sta-cle." Phys-ica A: S
ta-tis-
 []


Underfull \hbox (badness 2134) in paragraph at lines 936--937
\OT1/cmr/m/n/12 ti-cal Me-chan-ics and its Ap-pli-ca-tions 390.11 (2011): 2135-
2145.
 []

Missing character: There is no √ in font cmr12!
Missing character: There is no © in font cmr12!
[35]
Underfull \hbox (badness 1694) in paragraph at lines 963--965
[]\OT1/cmr/m/n/12 Parisi, Daniel R., Marcelo Gilman, and Her-man Moldovan. "A
 []


Underfull \hbox (badness 1221) in paragraph at lines 963--965
\OT1/cmr/m/n/12 mod-i-fi-ca-tion of the so-cial force model can re-pro-duce ex-
per-i-men-
 []

Missing character: There is no ≈ in font cmr12!
Missing character: There is no ç in font cmr12!

Underfull \hbox (badness 2735) in paragraph at lines 982--984
[]\OT1/cmr/m/n/12 Seyfried, Armin, Bern-hard Stef-fen, and Thomas Lip-pert. "Ba
-
 []


Underfull \hbox (badness 7273) in paragraph at lines 982--984
\OT1/cmr/m/n/12 sics of mod-elling the pedes-trian flow." Phys-ica A: Sta-tis-t
i-
 []


Underfull \hbox (badness 10000) in paragraph at lines 982--984
\OT1/cmr/m/n/12 cal Me-chan-ics and its Ap-pli-ca-tions 368.1 (2006): 232-238.
 []

[36]
Missing character: There is no ƒ in font cmr12!
Missing character: There is no á in font cmr12!

Underfull \hbox (badness 3492) in paragraph at lines 993--995
\OT1/cmr/m/n/12 da-men-tal di-a-grams." Phys-i-cal Re-view E 85.3 (2012): 03611
1.
 []


Underfull \hbox (badness 10000) in paragraph at lines 997--999
[]\OT1/cmr/m/n/12 Littlefield, David. Met-ric hand-book. Rout-ledge, 2008.
 []


Underfull \hbox (badness 10000) in paragraph at lines 1001--1003
[]\OT1/cmr/m/n/12 Sticco, Ig-na-cio Mar-i-ano, et al. "Be-yond the faster-is-
 []


Underfull \hbox (badness 10000) in paragraph at lines 1001--1003
\OT1/cmr/m/n/12 slower ef-fect." Phys-i-cal Re-view E 96.5 (2017): 052303.
 []


Underfull \hbox (badness 10000) in paragraph at lines 1017--1019
[]\OT1/cmr/m/n/12 Qiao, Jing, et al. "Re-duc-ing Bidi-rec-tional Pedes-trian Co
n-
 []


Underfull \hbox (badness 4569) in paragraph at lines 1017--1019
\OT1/cmr/m/n/12 flict Based on Lane For-ma-tion Phe-nomenon in Sub-way Cor-
 []


Underfull \hbox (badness 10000) in paragraph at lines 1017--1019
\OT1/cmr/m/n/12 ri-dors." Promet-Traffic&Transportation 29.5 (2017): 489-502.
 []


Underfull \hbox (badness 3792) in paragraph at lines 1021--1023
[]\OT1/cmr/m/n/12 Lakoba, Taras I., David J. Kaup, and Neal M. Finkel-stein.
 []


Underfull \hbox (badness 5726) in paragraph at lines 1021--1023
\OT1/cmr/m/n/12 "Mod-i-fi-ca-tions of the Helbing-Molnar-Farkas-Vicsek so-cial 
force
 []

[37]
Missing character: There is no √ in font cmr12!
Missing character: There is no ∂ in font cmr12!
Missing character: There is no √ in font cmr12!
Missing character: There is no ∂ in font cmr12!

Underfull \hbox (badness 1681) in paragraph at lines 1037--1039
[]\OT1/cmr/m/n/12 Chraibi, Mo-hcine, et al. "Force-based mod-els of pedes-trian
 dy-
 []


Underfull \hbox (badness 1281) in paragraph at lines 1037--1039
\OT1/cmr/m/n/12 nam-ics." Net-works & Het-ero-ge-neous Me-dia 6.3 (2011): 425-4
42.
 []


Underfull \hbox (badness 3333) in paragraph at lines 1041--1043
[]\OT1/cmr/m/n/12 Dietrich, Fe-lix, et al. "Bridg-ing the gap: From cel-lu-lar 
au-
 []


Underfull \hbox (badness 5064) in paragraph at lines 1041--1043
\OT1/cmr/m/n/12 tomata to dif-fer-en-tial equa-tion mod-els for pedes-trian dy-
nam-
 []


Underfull \hbox (badness 5374) in paragraph at lines 1041--1043
\OT1/cmr/m/n/12 ics." Jour-nal of Com-pu-ta-tional Sci-ence 5.5 (2014): 841-846
.
 []

Missing character: There is no ‚ in font cmr12!
Missing character: There is no Ä in font cmr12!
Missing character: There is no ò in font cmr12!
Missing character: There is no ‚ in font cmr12!
Missing character: There is no Ä in font cmr12!
Missing character: There is no ô in font cmr12!

Underfull \hbox (badness 6252) in paragraph at lines 1049--1051
[]\OT1/cmr/m/n/12 Drury, John, David Nov-elli, and Clif-ford Stott. "Rep-re-sen
t-
 []


Underfull \hbox (badness 10000) in paragraph at lines 1049--1051
\OT1/cmr/m/n/12 ing crowd be-haviour in emer-gency plan-ning guid-ance:Mass
 []


Underfull \hbox (badness 10000) in paragraph at lines 1049--1051
\OT1/cmr/m/n/12 pan-i-cor col-lec-tive re-silience?." Re-silience 1.1 (2013): 1
8-37.
 []

Missing character: There is no ‚ in font cmr12!
Missing character: There is no Ä in font cmr12!
Missing character: There is no ô in font cmr12!

Underfull \hbox (badness 3343) in paragraph at lines 1053--1055
[]\OT1/cmr/m/n/12 Li, Meifang, et al. "The pa-ram-e-ter cal-i-bra-tion and op-t
i-miza-
 []


Underfull \hbox (badness 3514) in paragraph at lines 1053--1055
\OT1/cmr/m/n/12 tion of so-cial force model for the real-life 2013 Yaan earth-
 []


Underfull \hbox (badness 1383) in paragraph at lines 1053--1055
\OT1/cmr/m/n/12 quake evac-u-a-tion in China." Safety sci-ence 79 (2015): 243-2
53.
 []


Underfull \hbox (badness 1142) in paragraph at lines 1057--1059
[]\OT1/cmr/m/n/12 Lohner, Rainald, et al. "Fun-da-men-tal di-a-grams for spe-ci
fic very
 []


Underfull \hbox (badness 7759) in paragraph at lines 1057--1059
\OT1/cmr/m/n/12 high den-sity crowds." Col-lec-tive Dy-nam-ics 2 (2018): 1-15.
 []

[38] [39] (./paper.aux)

LaTeX Warning: Label(s) may have changed. Rerun to get cross-references right.

 ) 
Here is how much of TeX's memory you used:
 14954 strings out of 493029
 286152 string characters out of 6136233
 329042 words of memory out of 5000000
 18172 multiletter control sequences out of 15000+600000
 13521 words of font info for 51 fonts, out of 8000000 for 9000
 1141 hyphenation exceptions out of 8191
 55i,10n,54p,1648b,380s stack positions out of 5000i,500n,10000p,200000b,80000s
</usr/share/texlive/texmf-dist/fonts/type1/public/amsfonts/cm/cmbx12.pfb></us
r/share/texlive/texmf-dist/fonts/type1/public/amsfonts/cm/cmex10.pfb></usr/shar
e/texlive/texmf-dist/fonts/type1/public/amsfonts/cm/cmmi10.pfb></usr/share/texl
ive/texmf-dist/fonts/type1/public/amsfonts/cm/cmmi12.pfb></usr/share/texlive/te
xmf-dist/fonts/type1/public/amsfonts/cm/cmmi5.pfb></usr/share/texlive/texmf-dis
t/fonts/type1/public/amsfonts/cm/cmmi6.pfb></usr/share/texlive/texmf-dist/fonts
/type1/public/amsfonts/cm/cmmi7.pfb></usr/share/texlive/texmf-dist/fonts/type1/
public/amsfonts/cm/cmmi8.pfb></usr/share/texlive/texmf-dist/fonts/type1/public/
amsfonts/cm/cmmi9.pfb></usr/share/texlive/texmf-dist/fonts/type1/public/amsfont
s/cm/cmr10.pfb></usr/share/texlive/texmf-dist/fonts/type1/public/amsfonts/cm/cm
r12.pfb></usr/share/texlive/texmf-dist/fonts/type1/public/amsfonts/cm/cmr17.pfb
></usr/share/texlive/texmf-dist/fonts/type1/public/amsfonts/cm/cmr5.pfb></usr/s
hare/texlive/texmf-dist/fonts/type1/public/amsfonts/cm/cmr6.pfb></usr/share/tex
live/texmf-dist/fonts/type1/public/amsfonts/cm/cmr7.pfb></usr/share/texlive/tex
mf-dist/fonts/type1/public/amsfonts/cm/cmr8.pfb></usr/share/texlive/texmf-dist/
fonts/type1/public/amsfonts/cm/cmr9.pfb></usr/share/texlive/texmf-dist/fonts/ty
pe1/public/amsfonts/cm/cmsy10.pfb></usr/share/texlive/texmf-dist/fonts/type1/pu
blic/amsfonts/cm/cmsy5.pfb></usr/share/texlive/texmf-dist/fonts/type1/public/am
sfonts/cm/cmsy6.pfb></usr/share/texlive/texmf-dist/fonts/type1/public/amsfonts/
cm/cmsy8.pfb></usr/share/texlive/texmf-dist/fonts/type1/public/amsfonts/cm/cmsy
9.pfb></usr/share/texlive/texmf-dist/fonts/type1/public/amsfonts/cm/cmti10.pfb>
</usr/share/texlive/texmf-dist/fonts/type1/public/amsfonts/cm/cmti12.pfb></usr/
share/texlive/texmf-dist/fonts/type1/public/amsfonts/symbols/msam10.pfb></usr/s
hare/texlive/texmf-dist/fonts/type1/urw/ncntrsbk/uncr8a.pfb>
Output written on paper.pdf (39 pages, 623978 bytes).
PDF statistics:
 535 PDF objects out of 1000 (max. 8388607)
 438 compressed objects within 5 object streams
 0 named destinations out of 1000 (max. 500000)
 123 words of extra memory for PDF output out of 10000 (max. 10000000)

